#! /usr/bin/vvp
:ivl_version "12.0 (stable)";
:ivl_delay_selection "TYPICAL";
:vpi_time_precision - 11;
:vpi_module "/usr/lib/x86_64-linux-gnu/ivl/system.vpi";
:vpi_module "/usr/lib/x86_64-linux-gnu/ivl/vhdl_sys.vpi";
:vpi_module "/usr/lib/x86_64-linux-gnu/ivl/vhdl_textio.vpi";
:vpi_module "/usr/lib/x86_64-linux-gnu/ivl/v2005_math.vpi";
:vpi_module "/usr/lib/x86_64-linux-gnu/ivl/va_math.vpi";
S_0x599dfe4b2260 .scope module, "microc_tb" "microc_tb" 2 3;
 .timescale -9 -11;
v0x599dfe5064e0_0 .var "Op", 2 0;
v0x599dfe5065c0_0 .net "Opcode", 5 0, L_0x599dfe51bcb0;  1 drivers
v0x599dfe506680_0 .var "clk", 0 0;
v0x599dfe506750_0 .var "reset", 0 0;
v0x599dfe5067f0_0 .var "s_inc", 0 0;
v0x599dfe506930_0 .var "s_inm", 0 0;
v0x599dfe506a20_0 .var "we3", 0 0;
v0x599dfe506b10_0 .var "wez", 0 0;
o0x7b3c3d7a0e88 .functor BUFZ 1, C4<z>; HiZ drive
v0x599dfe506c00_0 .net "z", 0 0, o0x7b3c3d7a0e88;  0 drivers
S_0x599dfe4b2e40 .scope module, "microc1" "microc" 2 12, 3 1 0, S_0x599dfe4b2260;
 .timescale -9 -11;
    .port_info 0 /OUTPUT 6 "Opcode";
    .port_info 1 /OUTPUT 1 "z";
    .port_info 2 /INPUT 1 "clk";
    .port_info 3 /INPUT 1 "reset";
    .port_info 4 /INPUT 1 "s_inc";
    .port_info 5 /INPUT 1 "s_inm";
    .port_info 6 /INPUT 1 "we3";
    .port_info 7 /INPUT 1 "wez";
    .port_info 8 /INPUT 3 "Op";
v0x599dfe505120_0 .net "Dir_salto", 9 0, L_0x599dfe51bdc0;  1 drivers
v0x599dfe5051e0_0 .net "Inmediato", 7 0, L_0x599dfe51c160;  1 drivers
v0x599dfe5052b0_0 .net "Instruccion", 15 0, L_0x599dfe51bb80;  1 drivers
v0x599dfe5053b0_0 .net "Op", 2 0, v0x599dfe5064e0_0;  1 drivers
v0x599dfe505480_0 .net "Opcode", 5 0, L_0x599dfe51bcb0;  alias, 1 drivers
v0x599dfe505570_0 .net "PC_actual", 9 0, v0x599dfe5048d0_0;  1 drivers
RS_0x7b3c3d7a0bb8 .resolv tri, L_0x599dfe51c350, L_0x599dfe52c490;
v0x599dfe505630_0 .net8 "PC_nuevo", 9 0, RS_0x7b3c3d7a0bb8;  2 drivers
v0x599dfe5056f0_0 .net "RA1", 3 0, L_0x599dfe51beb0;  1 drivers
v0x599dfe5057b0_0 .net "RA2", 3 0, L_0x599dfe51bf50;  1 drivers
v0x599dfe505910_0 .net "RD1", 7 0, L_0x599dfe52ca30;  1 drivers
v0x599dfe5059b0_0 .net "RD2", 7 0, L_0x599dfe52d130;  1 drivers
v0x599dfe505a70_0 .net "WA3", 3 0, L_0x599dfe51c070;  1 drivers
v0x599dfe505b30_0 .net "WD3", 7 0, L_0x599dfe51c290;  1 drivers
v0x599dfe505c20_0 .net "clk", 0 0, v0x599dfe506680_0;  1 drivers
v0x599dfe505d50_0 .net "reset", 0 0, v0x599dfe506750_0;  1 drivers
v0x599dfe505df0_0 .net "s_inc", 0 0, v0x599dfe5067f0_0;  1 drivers
v0x599dfe505e90_0 .net "s_inm", 0 0, v0x599dfe506930_0;  1 drivers
v0x599dfe506040_0 .net "salida_alu", 7 0, v0x599dfe4b1250_0;  1 drivers
v0x599dfe506130_0 .net "we3", 0 0, v0x599dfe506a20_0;  1 drivers
v0x599dfe5061d0_0 .net "wez", 0 0, v0x599dfe506b10_0;  1 drivers
v0x599dfe506270_0 .net "z", 0 0, o0x7b3c3d7a0e88;  alias, 0 drivers
RS_0x7b3c3d7a00d8 .resolv tri, v0x599dfe4b1320_0, v0x599dfe502c70_0;
v0x599dfe506310_0 .net8 "zero", 0 0, RS_0x7b3c3d7a00d8;  2 drivers
L_0x599dfe51bcb0 .part L_0x599dfe51bb80, 10, 6;
L_0x599dfe51bdc0 .part L_0x599dfe51bb80, 0, 10;
L_0x599dfe51beb0 .part L_0x599dfe51bb80, 8, 4;
L_0x599dfe51bf50 .part L_0x599dfe51bb80, 4, 4;
L_0x599dfe51c070 .part L_0x599dfe51bb80, 0, 4;
L_0x599dfe51c160 .part L_0x599dfe51bb80, 4, 8;
S_0x599dfe4b3b00 .scope module, "alu" "alu" 3 35, 4 1 0, S_0x599dfe4b2e40;
 .timescale -9 -11;
    .port_info 0 /OUTPUT 8 "S";
    .port_info 1 /OUTPUT 1 "zero";
    .port_info 2 /INPUT 8 "A";
    .port_info 3 /INPUT 8 "B";
    .port_info 4 /INPUT 3 "Op";
v0x599dfe4c5370_0 .net "A", 7 0, L_0x599dfe52ca30;  alias, 1 drivers
v0x599dfe4c41d0_0 .net "B", 7 0, L_0x599dfe52d130;  alias, 1 drivers
v0x599dfe4c42a0_0 .net "Op", 2 0, v0x599dfe5064e0_0;  alias, 1 drivers
v0x599dfe4b1250_0 .var "S", 7 0;
v0x599dfe4b1320_0 .var "zero", 0 0;
E_0x599dfe462050 .event anyedge, v0x599dfe4c42a0_0, v0x599dfe4c41d0_0, v0x599dfe4c5370_0;
S_0x599dfe500e40 .scope module, "bankanshat" "regfile" 3 33, 5 4 0, S_0x599dfe4b2e40;
 .timescale -9 -11;
    .port_info 0 /OUTPUT 8 "RD1";
    .port_info 1 /OUTPUT 8 "RD2";
    .port_info 2 /INPUT 1 "clk";
    .port_info 3 /INPUT 1 "we3";
    .port_info 4 /INPUT 4 "RA1";
    .port_info 5 /INPUT 4 "RA2";
    .port_info 6 /INPUT 4 "WA3";
    .port_info 7 /INPUT 8 "WD3";
v0x599dfe501180 .array "R", 15 0, 7 0;
v0x599dfe501260_0 .net "RA1", 3 0, L_0x599dfe51beb0;  alias, 1 drivers
v0x599dfe501340_0 .net "RA2", 3 0, L_0x599dfe51bf50;  alias, 1 drivers
v0x599dfe501400_0 .net "RD1", 7 0, L_0x599dfe52ca30;  alias, 1 drivers
v0x599dfe5014c0_0 .net "RD2", 7 0, L_0x599dfe52d130;  alias, 1 drivers
v0x599dfe5015b0_0 .net "WA3", 3 0, L_0x599dfe51c070;  alias, 1 drivers
v0x599dfe501670_0 .net "WD3", 7 0, L_0x599dfe51c290;  alias, 1 drivers
v0x599dfe501750_0 .net *"_ivl_0", 31 0, L_0x599dfe52c530;  1 drivers
v0x599dfe501830_0 .net *"_ivl_10", 5 0, L_0x599dfe52c830;  1 drivers
L_0x7b3c3d757138 .functor BUFT 1, C4<00>, C4<0>, C4<0>, C4<0>;
v0x599dfe501910_0 .net *"_ivl_13", 1 0, L_0x7b3c3d757138;  1 drivers
L_0x7b3c3d757180 .functor BUFT 1, C4<00000000>, C4<0>, C4<0>, C4<0>;
v0x599dfe5019f0_0 .net/2u *"_ivl_14", 7 0, L_0x7b3c3d757180;  1 drivers
v0x599dfe501ad0_0 .net *"_ivl_18", 31 0, L_0x599dfe52cbc0;  1 drivers
L_0x7b3c3d7571c8 .functor BUFT 1, C4<0000000000000000000000000000>, C4<0>, C4<0>, C4<0>;
v0x599dfe501bb0_0 .net *"_ivl_21", 27 0, L_0x7b3c3d7571c8;  1 drivers
L_0x7b3c3d757210 .functor BUFT 1, C4<00000000000000000000000000000000>, C4<0>, C4<0>, C4<0>;
v0x599dfe501c90_0 .net/2u *"_ivl_22", 31 0, L_0x7b3c3d757210;  1 drivers
v0x599dfe501d70_0 .net *"_ivl_24", 0 0, L_0x599dfe52ccf0;  1 drivers
v0x599dfe501e30_0 .net *"_ivl_26", 7 0, L_0x599dfe52ce30;  1 drivers
v0x599dfe501f10_0 .net *"_ivl_28", 5 0, L_0x599dfe52cf20;  1 drivers
L_0x7b3c3d7570a8 .functor BUFT 1, C4<0000000000000000000000000000>, C4<0>, C4<0>, C4<0>;
v0x599dfe501ff0_0 .net *"_ivl_3", 27 0, L_0x7b3c3d7570a8;  1 drivers
L_0x7b3c3d757258 .functor BUFT 1, C4<00>, C4<0>, C4<0>, C4<0>;
v0x599dfe5020d0_0 .net *"_ivl_31", 1 0, L_0x7b3c3d757258;  1 drivers
L_0x7b3c3d7572a0 .functor BUFT 1, C4<00000000>, C4<0>, C4<0>, C4<0>;
v0x599dfe5021b0_0 .net/2u *"_ivl_32", 7 0, L_0x7b3c3d7572a0;  1 drivers
L_0x7b3c3d7570f0 .functor BUFT 1, C4<00000000000000000000000000000000>, C4<0>, C4<0>, C4<0>;
v0x599dfe502290_0 .net/2u *"_ivl_4", 31 0, L_0x7b3c3d7570f0;  1 drivers
v0x599dfe502370_0 .net *"_ivl_6", 0 0, L_0x599dfe52c650;  1 drivers
v0x599dfe502430_0 .net *"_ivl_8", 7 0, L_0x599dfe52c790;  1 drivers
v0x599dfe502510_0 .net "clk", 0 0, v0x599dfe506680_0;  alias, 1 drivers
v0x599dfe5025d0_0 .net "we3", 0 0, v0x599dfe506a20_0;  alias, 1 drivers
E_0x599dfe441690 .event posedge, v0x599dfe502510_0;
L_0x599dfe52c530 .concat [ 4 28 0 0], L_0x599dfe51beb0, L_0x7b3c3d7570a8;
L_0x599dfe52c650 .cmp/ne 32, L_0x599dfe52c530, L_0x7b3c3d7570f0;
L_0x599dfe52c790 .array/port v0x599dfe501180, L_0x599dfe52c830;
L_0x599dfe52c830 .concat [ 4 2 0 0], L_0x599dfe51beb0, L_0x7b3c3d757138;
L_0x599dfe52ca30 .functor MUXZ 8, L_0x7b3c3d757180, L_0x599dfe52c790, L_0x599dfe52c650, C4<>;
L_0x599dfe52cbc0 .concat [ 4 28 0 0], L_0x599dfe51bf50, L_0x7b3c3d7571c8;
L_0x599dfe52ccf0 .cmp/ne 32, L_0x599dfe52cbc0, L_0x7b3c3d757210;
L_0x599dfe52ce30 .array/port v0x599dfe501180, L_0x599dfe52cf20;
L_0x599dfe52cf20 .concat [ 4 2 0 0], L_0x599dfe51bf50, L_0x7b3c3d757258;
L_0x599dfe52d130 .functor MUXZ 8, L_0x7b3c3d7572a0, L_0x599dfe52ce30, L_0x599dfe52ccf0, C4<>;
S_0x599dfe502790 .scope module, "ffd1" "ffd" 3 37, 5 56 0, S_0x599dfe4b2e40;
 .timescale -9 -11;
    .port_info 0 /INPUT 1 "clk";
    .port_info 1 /INPUT 1 "reset";
    .port_info 2 /INPUT 1 "d";
    .port_info 3 /INPUT 1 "carga";
    .port_info 4 /OUTPUT 1 "q";
v0x599dfe5029a0_0 .net "carga", 0 0, v0x599dfe506b10_0;  alias, 1 drivers
v0x599dfe502a80_0 .net "clk", 0 0, v0x599dfe506680_0;  alias, 1 drivers
v0x599dfe502b70_0 .net8 "d", 0 0, RS_0x7b3c3d7a00d8;  alias, 2 drivers
v0x599dfe502c70_0 .var "q", 0 0;
v0x599dfe502d60_0 .net "reset", 0 0, v0x599dfe506750_0;  alias, 1 drivers
E_0x599dfe4ee240 .event posedge, v0x599dfe502d60_0, v0x599dfe502510_0;
S_0x599dfe502e90 .scope module, "memoria_programa" "memprog" 3 9, 6 3 0, S_0x599dfe4b2e40;
 .timescale -9 -11;
    .port_info 0 /OUTPUT 16 "Data";
    .port_info 1 /INPUT 1 "clk";
    .port_info 2 /INPUT 10 "Address";
L_0x599dfe51bb80 .functor BUFZ 16, L_0x599dfe51b9a0, C4<0000000000000000>, C4<0000000000000000>, C4<0000000000000000>;
v0x599dfe5030e0_0 .net "Address", 9 0, v0x599dfe5048d0_0;  alias, 1 drivers
v0x599dfe5031e0_0 .net "Data", 15 0, L_0x599dfe51bb80;  alias, 1 drivers
v0x599dfe5032c0 .array "Mem", 1023 0, 15 0;
v0x599dfe503360_0 .net *"_ivl_0", 15 0, L_0x599dfe51b9a0;  1 drivers
v0x599dfe503440_0 .net *"_ivl_2", 11 0, L_0x599dfe51ba90;  1 drivers
L_0x7b3c3d757018 .functor BUFT 1, C4<00>, C4<0>, C4<0>, C4<0>;
v0x599dfe503570_0 .net *"_ivl_5", 1 0, L_0x7b3c3d757018;  1 drivers
v0x599dfe503650_0 .net "clk", 0 0, v0x599dfe506680_0;  alias, 1 drivers
L_0x599dfe51b9a0 .array/port v0x599dfe5032c0, L_0x599dfe51ba90;
L_0x599dfe51ba90 .concat [ 10 2 0 0], v0x599dfe5048d0_0, L_0x7b3c3d757018;
S_0x599dfe5037c0 .scope module, "mux_alu" "mux2" 3 27, 5 46 0, S_0x599dfe4b2e40;
 .timescale -9 -11;
    .port_info 0 /OUTPUT 8 "Y";
    .port_info 1 /INPUT 8 "D0";
    .port_info 2 /INPUT 8 "D1";
    .port_info 3 /INPUT 1 "s";
P_0x599dfe5039f0 .param/l "WIDTH" 0 5 46, +C4<00000000000000000000000000001000>;
v0x599dfe503a90_0 .net "D0", 7 0, L_0x599dfe51c160;  alias, 1 drivers
v0x599dfe503b70_0 .net "D1", 7 0, v0x599dfe4b1250_0;  alias, 1 drivers
v0x599dfe503c30_0 .net "Y", 7 0, L_0x599dfe51c290;  alias, 1 drivers
v0x599dfe503d00_0 .net "s", 0 0, v0x599dfe506930_0;  alias, 1 drivers
L_0x599dfe51c290 .functor MUXZ 8, L_0x599dfe51c160, v0x599dfe4b1250_0, v0x599dfe506930_0, C4<>;
S_0x599dfe503e30 .scope module, "mux_pc" "mux2" 3 31, 5 46 0, S_0x599dfe4b2e40;
 .timescale -9 -11;
    .port_info 0 /OUTPUT 10 "Y";
    .port_info 1 /INPUT 10 "D0";
    .port_info 2 /INPUT 10 "D1";
    .port_info 3 /INPUT 1 "s";
P_0x599dfe504010 .param/l "WIDTH" 0 5 46, +C4<00000000000000000000000000001010>;
v0x599dfe5040e0_0 .net "D0", 9 0, L_0x599dfe51bdc0;  alias, 1 drivers
v0x599dfe5041e0_0 .net "D1", 9 0, v0x599dfe5048d0_0;  alias, 1 drivers
v0x599dfe5042d0_0 .net8 "Y", 9 0, RS_0x7b3c3d7a0bb8;  alias, 2 drivers
v0x599dfe5043a0_0 .net "s", 0 0, v0x599dfe5067f0_0;  alias, 1 drivers
L_0x599dfe52c490 .functor MUXZ 10, L_0x599dfe51bdc0, v0x599dfe5048d0_0, v0x599dfe5067f0_0, C4<>;
S_0x599dfe504510 .scope module, "registro_pc" "registro" 3 7, 5 35 0, S_0x599dfe4b2e40;
 .timescale -9 -11;
    .port_info 0 /OUTPUT 10 "Q";
    .port_info 1 /INPUT 1 "clk";
    .port_info 2 /INPUT 1 "reset";
    .port_info 3 /INPUT 10 "D";
P_0x599dfe5046f0 .param/l "WIDTH" 0 5 35, +C4<00000000000000000000000000001010>;
v0x599dfe5047c0_0 .net8 "D", 9 0, RS_0x7b3c3d7a0bb8;  alias, 2 drivers
v0x599dfe5048d0_0 .var "Q", 9 0;
v0x599dfe5049c0_0 .net "clk", 0 0, v0x599dfe506680_0;  alias, 1 drivers
v0x599dfe504a60_0 .net "reset", 0 0, v0x599dfe506750_0;  alias, 1 drivers
S_0x599dfe504ba0 .scope module, "suma1" "sum" 3 29, 5 28 0, S_0x599dfe4b2e40;
 .timescale -9 -11;
    .port_info 0 /OUTPUT 10 "Y";
    .port_info 1 /INPUT 10 "A";
    .port_info 2 /INPUT 10 "B";
v0x599dfe504df0_0 .net "A", 9 0, v0x599dfe5048d0_0;  alias, 1 drivers
L_0x7b3c3d757060 .functor BUFT 1, C4<0000000001>, C4<0>, C4<0>, C4<0>;
v0x599dfe504ed0_0 .net "B", 9 0, L_0x7b3c3d757060;  1 drivers
v0x599dfe504fb0_0 .net8 "Y", 9 0, RS_0x7b3c3d7a0bb8;  alias, 2 drivers
L_0x599dfe51c350 .arith/sum 10, v0x599dfe5048d0_0, L_0x7b3c3d757060;
S_0x599dfe4c8820 .scope module, "regA" "regA" 7 1;
 .timescale -9 -11;
    .port_info 0 /INPUT 1 "clk";
    .port_info 1 /INPUT 1 "ResetA";
    .port_info 2 /INPUT 1 "CargaA";
    .port_info 3 /INPUT 4 "entA";
    .port_info 4 /OUTPUT 4 "q";
o0x7b3c3d7a1068 .functor BUFZ 1, C4<z>; HiZ drive
v0x599dfe508a10_0 .net "CargaA", 0 0, o0x7b3c3d7a1068;  0 drivers
o0x7b3c3d7a1128 .functor BUFZ 1, C4<z>; HiZ drive
v0x599dfe508ad0_0 .net "ResetA", 0 0, o0x7b3c3d7a1128;  0 drivers
o0x7b3c3d7a1098 .functor BUFZ 1, C4<z>; HiZ drive
v0x599dfe508c20_0 .net "clk", 0 0, o0x7b3c3d7a1098;  0 drivers
o0x7b3c3d7a1638 .functor BUFZ 4, C4<zzzz>; HiZ drive
v0x599dfe508d50_0 .net "entA", 3 0, o0x7b3c3d7a1638;  0 drivers
v0x599dfe508df0_0 .net "q", 3 0, L_0x599dfe52d5e0;  1 drivers
L_0x599dfe52d280 .part o0x7b3c3d7a1638, 0, 1;
L_0x599dfe52d320 .part o0x7b3c3d7a1638, 1, 1;
L_0x599dfe52d410 .part o0x7b3c3d7a1638, 2, 1;
L_0x599dfe52d4b0 .part o0x7b3c3d7a1638, 3, 1;
L_0x599dfe52d5e0 .concat8 [ 1 1 1 1], v0x599dfe5071a0_0, v0x599dfe507920_0, v0x599dfe5080c0_0, v0x599dfe5087e0_0;
S_0x599dfe506ca0 .scope module, "ffa0" "ffdc" 7 4, 8 1 0, S_0x599dfe4c8820;
 .timescale -9 -11;
    .port_info 0 /INPUT 1 "clk";
    .port_info 1 /INPUT 1 "reset";
    .port_info 2 /INPUT 1 "carga";
    .port_info 3 /INPUT 1 "d";
    .port_info 4 /OUTPUT 1 "q";
P_0x599dfe506e30 .param/l "retardo" 0 8 1, +C4<00000000000000000000000000000001>;
v0x599dfe506f80_0 .net "carga", 0 0, o0x7b3c3d7a1068;  alias, 0 drivers
v0x599dfe507040_0 .net "clk", 0 0, o0x7b3c3d7a1098;  alias, 0 drivers
v0x599dfe507100_0 .net "d", 0 0, L_0x599dfe52d280;  1 drivers
v0x599dfe5071a0_0 .var "q", 0 0;
v0x599dfe507260_0 .net "reset", 0 0, o0x7b3c3d7a1128;  alias, 0 drivers
E_0x599dfe4eeb00 .event posedge, v0x599dfe507260_0, v0x599dfe507040_0;
S_0x599dfe507410 .scope module, "ffa1" "ffdc" 7 5, 8 1 0, S_0x599dfe4c8820;
 .timescale -9 -11;
    .port_info 0 /INPUT 1 "clk";
    .port_info 1 /INPUT 1 "reset";
    .port_info 2 /INPUT 1 "carga";
    .port_info 3 /INPUT 1 "d";
    .port_info 4 /OUTPUT 1 "q";
P_0x599dfe507610 .param/l "retardo" 0 8 1, +C4<00000000000000000000000000000001>;
v0x599dfe5076b0_0 .net "carga", 0 0, o0x7b3c3d7a1068;  alias, 0 drivers
v0x599dfe507780_0 .net "clk", 0 0, o0x7b3c3d7a1098;  alias, 0 drivers
v0x599dfe507850_0 .net "d", 0 0, L_0x599dfe52d320;  1 drivers
v0x599dfe507920_0 .var "q", 0 0;
v0x599dfe5079c0_0 .net "reset", 0 0, o0x7b3c3d7a1128;  alias, 0 drivers
S_0x599dfe507b40 .scope module, "ffa2" "ffdc" 7 6, 8 1 0, S_0x599dfe4c8820;
 .timescale -9 -11;
    .port_info 0 /INPUT 1 "clk";
    .port_info 1 /INPUT 1 "reset";
    .port_info 2 /INPUT 1 "carga";
    .port_info 3 /INPUT 1 "d";
    .port_info 4 /OUTPUT 1 "q";
P_0x599dfe507d20 .param/l "retardo" 0 8 1, +C4<00000000000000000000000000000001>;
v0x599dfe507e20_0 .net "carga", 0 0, o0x7b3c3d7a1068;  alias, 0 drivers
v0x599dfe507f10_0 .net "clk", 0 0, o0x7b3c3d7a1098;  alias, 0 drivers
v0x599dfe508020_0 .net "d", 0 0, L_0x599dfe52d410;  1 drivers
v0x599dfe5080c0_0 .var "q", 0 0;
v0x599dfe508160_0 .net "reset", 0 0, o0x7b3c3d7a1128;  alias, 0 drivers
S_0x599dfe508340 .scope module, "ffa3" "ffdc" 7 7, 8 1 0, S_0x599dfe4c8820;
 .timescale -9 -11;
    .port_info 0 /INPUT 1 "clk";
    .port_info 1 /INPUT 1 "reset";
    .port_info 2 /INPUT 1 "carga";
    .port_info 3 /INPUT 1 "d";
    .port_info 4 /OUTPUT 1 "q";
P_0x599dfe508520 .param/l "retardo" 0 8 1, +C4<00000000000000000000000000000001>;
v0x599dfe5085c0_0 .net "carga", 0 0, o0x7b3c3d7a1068;  alias, 0 drivers
v0x599dfe508680_0 .net "clk", 0 0, o0x7b3c3d7a1098;  alias, 0 drivers
v0x599dfe508740_0 .net "d", 0 0, L_0x599dfe52d4b0;  1 drivers
v0x599dfe5087e0_0 .var "q", 0 0;
v0x599dfe508880_0 .net "reset", 0 0, o0x7b3c3d7a1128;  alias, 0 drivers
S_0x599dfe4c68f0 .scope module, "regQ" "regQ" 9 1;
 .timescale -9 -11;
    .port_info 0 /INPUT 3 "entQ";
    .port_info 1 /INPUT 1 "CargaQ";
    .port_info 2 /INPUT 1 "DesplazaQ";
    .port_info 3 /INPUT 1 "clk";
    .port_info 4 /INPUT 1 "reset";
    .port_info 5 /OUTPUT 3 "q";
o0x7b3c3d7a19c8 .functor BUFZ 1, C4<z>; HiZ drive
o0x7b3c3d7a2538 .functor BUFZ 1, C4<z>; HiZ drive
L_0x599dfe51c3f0 .functor OR 1, o0x7b3c3d7a19c8, o0x7b3c3d7a2538, C4<0>, C4<0>;
v0x599dfe50dd00_0 .net "CargaQ", 0 0, o0x7b3c3d7a19c8;  0 drivers
v0x599dfe50ddc0_0 .net "DesplazaQ", 0 0, o0x7b3c3d7a2538;  0 drivers
o0x7b3c3d7a17b8 .functor BUFZ 1, C4<z>; HiZ drive
v0x599dfe50de80_0 .net "clk", 0 0, o0x7b3c3d7a17b8;  0 drivers
v0x599dfe50df50_0 .net "enable", 0 0, L_0x599dfe51c3f0;  1 drivers
o0x7b3c3d7a2568 .functor BUFZ 3, C4<zzz>; HiZ drive
v0x599dfe50dff0_0 .net "entQ", 2 0, o0x7b3c3d7a2568;  0 drivers
v0x599dfe50e100_0 .net "q", 2 0, L_0x599dfe52e670;  1 drivers
o0x7b3c3d7a1848 .functor BUFZ 1, C4<z>; HiZ drive
v0x599dfe50e1e0_0 .net "reset", 0 0, o0x7b3c3d7a1848;  0 drivers
L_0x599dfe52dbb0 .part o0x7b3c3d7a2568, 0, 1;
L_0x599dfe52dc50 .part L_0x599dfe52e670, 1, 1;
L_0x599dfe52e070 .part o0x7b3c3d7a2568, 1, 1;
L_0x599dfe52e160 .part L_0x599dfe52e670, 2, 1;
L_0x599dfe52e5d0 .part o0x7b3c3d7a2568, 2, 1;
L_0x599dfe52e670 .concat8 [ 1 1 1 0], v0x599dfe509890_0, v0x599dfe50b2b0_0, v0x599dfe50cc70_0;
S_0x599dfe508f70 .scope module, "ff0" "cdaff" 9 5, 9 11 0, S_0x599dfe4c68f0;
 .timescale -9 -11;
    .port_info 0 /INPUT 1 "selc_d";
    .port_info 1 /INPUT 1 "inp_c";
    .port_info 2 /INPUT 1 "inp_d";
    .port_info 3 /INPUT 1 "clk";
    .port_info 4 /INPUT 1 "reset";
    .port_info 5 /INPUT 1 "carga";
    .port_info 6 /OUTPUT 1 "q";
v0x599dfe50a310_0 .net "carga", 0 0, L_0x599dfe51c3f0;  alias, 1 drivers
v0x599dfe50a3d0_0 .net "clk", 0 0, o0x7b3c3d7a17b8;  alias, 0 drivers
v0x599dfe50a4a0_0 .net "inp", 0 0, L_0x599dfe52da70;  1 drivers
v0x599dfe50a5c0_0 .net "inp_c", 0 0, L_0x599dfe52dbb0;  1 drivers
v0x599dfe50a660_0 .net "inp_d", 0 0, L_0x599dfe52dc50;  1 drivers
v0x599dfe50a750_0 .net "q", 0 0, v0x599dfe509890_0;  1 drivers
v0x599dfe50a820_0 .net "reset", 0 0, o0x7b3c3d7a1848;  alias, 0 drivers
v0x599dfe50a8f0_0 .net "selc_d", 0 0, o0x7b3c3d7a19c8;  alias, 0 drivers
S_0x599dfe509210 .scope module, "ff0" "ffdc" 9 13, 8 1 0, S_0x599dfe508f70;
 .timescale -9 -11;
    .port_info 0 /INPUT 1 "clk";
    .port_info 1 /INPUT 1 "reset";
    .port_info 2 /INPUT 1 "carga";
    .port_info 3 /INPUT 1 "d";
    .port_info 4 /OUTPUT 1 "q";
P_0x599dfe5093c0 .param/l "retardo" 0 8 1, +C4<00000000000000000000000000000001>;
v0x599dfe509620_0 .net "carga", 0 0, L_0x599dfe51c3f0;  alias, 1 drivers
v0x599dfe509700_0 .net "clk", 0 0, o0x7b3c3d7a17b8;  alias, 0 drivers
v0x599dfe5097c0_0 .net "d", 0 0, L_0x599dfe52da70;  alias, 1 drivers
v0x599dfe509890_0 .var "q", 0 0;
v0x599dfe509950_0 .net "reset", 0 0, o0x7b3c3d7a1848;  alias, 0 drivers
E_0x599dfe5095a0 .event posedge, v0x599dfe509950_0, v0x599dfe509700_0;
S_0x599dfe509b00 .scope module, "mux0" "mux2_1_i1" 9 14, 9 18 0, S_0x599dfe508f70;
 .timescale -9 -11;
    .port_info 0 /OUTPUT 1 "out";
    .port_info 1 /INPUT 1 "a";
    .port_info 2 /INPUT 1 "b";
    .port_info 3 /INPUT 1 "s";
L_0x599dfe52d710 .functor NOT 1, o0x7b3c3d7a19c8, C4<0>, C4<0>, C4<0>;
L_0x599dfe52d8c0 .functor AND 1, L_0x599dfe52dc50, L_0x599dfe52d710, C4<1>, C4<1>;
L_0x599dfe52d9b0 .functor AND 1, L_0x599dfe52dbb0, o0x7b3c3d7a19c8, C4<1>, C4<1>;
L_0x599dfe52da70 .functor OR 1, L_0x599dfe52d8c0, L_0x599dfe52d9b0, C4<0>, C4<0>;
v0x599dfe509d00_0 .net "a", 0 0, L_0x599dfe52dc50;  alias, 1 drivers
v0x599dfe509dc0_0 .net "b", 0 0, L_0x599dfe52dbb0;  alias, 1 drivers
v0x599dfe509e80_0 .net "out", 0 0, L_0x599dfe52da70;  alias, 1 drivers
v0x599dfe509f80_0 .net "s", 0 0, o0x7b3c3d7a19c8;  alias, 0 drivers
v0x599dfe50a020_0 .net "s_n", 0 0, L_0x599dfe52d710;  1 drivers
v0x599dfe50a110_0 .net "sa", 0 0, L_0x599dfe52d8c0;  1 drivers
v0x599dfe50a1d0_0 .net "sb", 0 0, L_0x599dfe52d9b0;  1 drivers
S_0x599dfe50aa00 .scope module, "ff1" "cdaff" 9 6, 9 11 0, S_0x599dfe4c68f0;
 .timescale -9 -11;
    .port_info 0 /INPUT 1 "selc_d";
    .port_info 1 /INPUT 1 "inp_c";
    .port_info 2 /INPUT 1 "inp_d";
    .port_info 3 /INPUT 1 "clk";
    .port_info 4 /INPUT 1 "reset";
    .port_info 5 /INPUT 1 "carga";
    .port_info 6 /OUTPUT 1 "q";
v0x599dfe50bd10_0 .net "carga", 0 0, L_0x599dfe51c3f0;  alias, 1 drivers
v0x599dfe50bdd0_0 .net "clk", 0 0, o0x7b3c3d7a17b8;  alias, 0 drivers
v0x599dfe50be90_0 .net "inp", 0 0, L_0x599dfe52df30;  1 drivers
v0x599dfe50bf80_0 .net "inp_c", 0 0, L_0x599dfe52e070;  1 drivers
v0x599dfe50c020_0 .net "inp_d", 0 0, L_0x599dfe52e160;  1 drivers
v0x599dfe50c110_0 .net "q", 0 0, v0x599dfe50b2b0_0;  1 drivers
v0x599dfe50c1b0_0 .net "reset", 0 0, o0x7b3c3d7a1848;  alias, 0 drivers
v0x599dfe50c250_0 .net "selc_d", 0 0, o0x7b3c3d7a19c8;  alias, 0 drivers
S_0x599dfe50ac90 .scope module, "ff0" "ffdc" 9 13, 8 1 0, S_0x599dfe50aa00;
 .timescale -9 -11;
    .port_info 0 /INPUT 1 "clk";
    .port_info 1 /INPUT 1 "reset";
    .port_info 2 /INPUT 1 "carga";
    .port_info 3 /INPUT 1 "d";
    .port_info 4 /OUTPUT 1 "q";
P_0x599dfe50ae70 .param/l "retardo" 0 8 1, +C4<00000000000000000000000000000001>;
v0x599dfe50aff0_0 .net "carga", 0 0, L_0x599dfe51c3f0;  alias, 1 drivers
v0x599dfe50b100_0 .net "clk", 0 0, o0x7b3c3d7a17b8;  alias, 0 drivers
v0x599dfe50b210_0 .net "d", 0 0, L_0x599dfe52df30;  alias, 1 drivers
v0x599dfe50b2b0_0 .var "q", 0 0;
v0x599dfe50b350_0 .net "reset", 0 0, o0x7b3c3d7a1848;  alias, 0 drivers
S_0x599dfe50b530 .scope module, "mux0" "mux2_1_i1" 9 14, 9 18 0, S_0x599dfe50aa00;
 .timescale -9 -11;
    .port_info 0 /OUTPUT 1 "out";
    .port_info 1 /INPUT 1 "a";
    .port_info 2 /INPUT 1 "b";
    .port_info 3 /INPUT 1 "s";
L_0x599dfe52dcf0 .functor NOT 1, o0x7b3c3d7a19c8, C4<0>, C4<0>, C4<0>;
L_0x599dfe52dd60 .functor AND 1, L_0x599dfe52e160, L_0x599dfe52dcf0, C4<1>, C4<1>;
L_0x599dfe52de70 .functor AND 1, L_0x599dfe52e070, o0x7b3c3d7a19c8, C4<1>, C4<1>;
L_0x599dfe52df30 .functor OR 1, L_0x599dfe52dd60, L_0x599dfe52de70, C4<0>, C4<0>;
v0x599dfe50b730_0 .net "a", 0 0, L_0x599dfe52e160;  alias, 1 drivers
v0x599dfe50b7f0_0 .net "b", 0 0, L_0x599dfe52e070;  alias, 1 drivers
v0x599dfe50b8b0_0 .net "out", 0 0, L_0x599dfe52df30;  alias, 1 drivers
v0x599dfe50b950_0 .net "s", 0 0, o0x7b3c3d7a19c8;  alias, 0 drivers
v0x599dfe50ba40_0 .net "s_n", 0 0, L_0x599dfe52dcf0;  1 drivers
v0x599dfe50bb30_0 .net "sa", 0 0, L_0x599dfe52dd60;  1 drivers
v0x599dfe50bbd0_0 .net "sb", 0 0, L_0x599dfe52de70;  1 drivers
S_0x599dfe50c370 .scope module, "ff2" "cdaff" 9 7, 9 11 0, S_0x599dfe4c68f0;
 .timescale -9 -11;
    .port_info 0 /INPUT 1 "selc_d";
    .port_info 1 /INPUT 1 "inp_c";
    .port_info 2 /INPUT 1 "inp_d";
    .port_info 3 /INPUT 1 "clk";
    .port_info 4 /INPUT 1 "reset";
    .port_info 5 /INPUT 1 "carga";
    .port_info 6 /OUTPUT 1 "q";
v0x599dfe50d6c0_0 .net "carga", 0 0, L_0x599dfe51c3f0;  alias, 1 drivers
v0x599dfe50d780_0 .net "clk", 0 0, o0x7b3c3d7a17b8;  alias, 0 drivers
v0x599dfe50d840_0 .net "inp", 0 0, L_0x599dfe52e4c0;  1 drivers
v0x599dfe50d8e0_0 .net "inp_c", 0 0, L_0x599dfe52e5d0;  1 drivers
L_0x7b3c3d7572e8 .functor BUFT 1, C4<0>, C4<0>, C4<0>, C4<0>;
v0x599dfe50d980_0 .net "inp_d", 0 0, L_0x7b3c3d7572e8;  1 drivers
v0x599dfe50da70_0 .net "q", 0 0, v0x599dfe50cc70_0;  1 drivers
v0x599dfe50db40_0 .net "reset", 0 0, o0x7b3c3d7a1848;  alias, 0 drivers
v0x599dfe50dbe0_0 .net "selc_d", 0 0, o0x7b3c3d7a19c8;  alias, 0 drivers
S_0x599dfe50c630 .scope module, "ff0" "ffdc" 9 13, 8 1 0, S_0x599dfe50c370;
 .timescale -9 -11;
    .port_info 0 /INPUT 1 "clk";
    .port_info 1 /INPUT 1 "reset";
    .port_info 2 /INPUT 1 "carga";
    .port_info 3 /INPUT 1 "d";
    .port_info 4 /OUTPUT 1 "q";
P_0x599dfe50c810 .param/l "retardo" 0 8 1, +C4<00000000000000000000000000000001>;
v0x599dfe50c990_0 .net "carga", 0 0, L_0x599dfe51c3f0;  alias, 1 drivers
v0x599dfe50ca50_0 .net "clk", 0 0, o0x7b3c3d7a17b8;  alias, 0 drivers
v0x599dfe50cba0_0 .net "d", 0 0, L_0x599dfe52e4c0;  alias, 1 drivers
v0x599dfe50cc70_0 .var "q", 0 0;
v0x599dfe50cd10_0 .net "reset", 0 0, o0x7b3c3d7a1848;  alias, 0 drivers
S_0x599dfe50cee0 .scope module, "mux0" "mux2_1_i1" 9 14, 9 18 0, S_0x599dfe50c370;
 .timescale -9 -11;
    .port_info 0 /OUTPUT 1 "out";
    .port_info 1 /INPUT 1 "a";
    .port_info 2 /INPUT 1 "b";
    .port_info 3 /INPUT 1 "s";
L_0x599dfe52e280 .functor NOT 1, o0x7b3c3d7a19c8, C4<0>, C4<0>, C4<0>;
L_0x599dfe52e2f0 .functor AND 1, L_0x7b3c3d7572e8, L_0x599dfe52e280, C4<1>, C4<1>;
L_0x599dfe52e400 .functor AND 1, L_0x599dfe52e5d0, o0x7b3c3d7a19c8, C4<1>, C4<1>;
L_0x599dfe52e4c0 .functor OR 1, L_0x599dfe52e2f0, L_0x599dfe52e400, C4<0>, C4<0>;
v0x599dfe50d090_0 .net "a", 0 0, L_0x7b3c3d7572e8;  alias, 1 drivers
v0x599dfe50d150_0 .net "b", 0 0, L_0x599dfe52e5d0;  alias, 1 drivers
v0x599dfe50d210_0 .net "out", 0 0, L_0x599dfe52e4c0;  alias, 1 drivers
v0x599dfe50d310_0 .net "s", 0 0, o0x7b3c3d7a19c8;  alias, 0 drivers
v0x599dfe50d440_0 .net "s_n", 0 0, L_0x599dfe52e280;  1 drivers
v0x599dfe50d4e0_0 .net "sa", 0 0, L_0x599dfe52e2f0;  1 drivers
v0x599dfe50d580_0 .net "sb", 0 0, L_0x599dfe52e400;  1 drivers
S_0x599dfe4b36c0 .scope module, "sum4" "sum4" 10 2;
 .timescale -9 -11;
    .port_info 0 /OUTPUT 4 "S";
    .port_info 1 /OUTPUT 4 "C";
    .port_info 2 /OUTPUT 1 "c_out";
    .port_info 3 /INPUT 4 "A";
    .port_info 4 /INPUT 4 "B";
    .port_info 5 /INPUT 1 "c_in";
o0x7b3c3d7a4638 .functor BUFZ 4, C4<zzzz>; HiZ drive
v0x599dfe5180d0_0 .net "A", 3 0, o0x7b3c3d7a4638;  0 drivers
o0x7b3c3d7a4668 .functor BUFZ 4, C4<zzzz>; HiZ drive
v0x599dfe5181d0_0 .net "B", 3 0, o0x7b3c3d7a4668;  0 drivers
v0x599dfe5182b0_0 .net "C", 4 1, L_0x599dfe5307c0;  1 drivers
v0x599dfe518380_0 .net "S", 3 0, L_0x599dfe5359d0;  1 drivers
v0x599dfe518440_0 .net "c1", 0 0, L_0x599dfe5338d0;  1 drivers
v0x599dfe518530_0 .net "c2", 0 0, L_0x599dfe5340e0;  1 drivers
v0x599dfe518600_0 .net "c3", 0 0, L_0x599dfe534bd0;  1 drivers
v0x599dfe5186d0_0 .net "c4", 0 0, L_0x599dfe535710;  1 drivers
o0x7b3c3d7a32b8 .functor BUFZ 1, C4<z>; HiZ drive
v0x599dfe5187a0_0 .net "c_in", 0 0, o0x7b3c3d7a32b8;  0 drivers
v0x599dfe5188d0_0 .net "c_out", 0 0, L_0x599dfe535ef0;  1 drivers
v0x599dfe518970_0 .net "g0", 0 0, L_0x599dfe533a00;  1 drivers
v0x599dfe518a40_0 .net "g1", 0 0, L_0x599dfe5342a0;  1 drivers
v0x599dfe518b10_0 .net "g2", 0 0, L_0x599dfe534e20;  1 drivers
v0x599dfe518be0_0 .net "g3", 0 0, L_0x599dfe535960;  1 drivers
v0x599dfe518cb0_0 .net "p0", 0 0, L_0x599dfe533990;  1 drivers
v0x599dfe518d80_0 .net "p1", 0 0, L_0x599dfe5341a0;  1 drivers
v0x599dfe518e50_0 .net "p2", 0 0, L_0x599dfe534c90;  1 drivers
v0x599dfe518f20_0 .net "p3", 0 0, L_0x599dfe5357d0;  1 drivers
L_0x599dfe532e80 .concat [ 1 1 1 1], L_0x599dfe533a00, L_0x599dfe5342a0, L_0x599dfe534e20, L_0x599dfe535960;
L_0x599dfe533060 .concat [ 1 1 1 1], L_0x599dfe533990, L_0x599dfe5341a0, L_0x599dfe534c90, L_0x599dfe5357d0;
L_0x599dfe533a70 .part o0x7b3c3d7a4638, 0, 1;
L_0x599dfe533b10 .part o0x7b3c3d7a4668, 0, 1;
L_0x599dfe534310 .part o0x7b3c3d7a4638, 1, 1;
L_0x599dfe5343b0 .part o0x7b3c3d7a4668, 1, 1;
L_0x599dfe534490 .part L_0x599dfe5307c0, 0, 1;
L_0x599dfe534e90 .part o0x7b3c3d7a4638, 2, 1;
L_0x599dfe534f80 .part o0x7b3c3d7a4668, 2, 1;
L_0x599dfe535020 .part L_0x599dfe5307c0, 1, 1;
L_0x599dfe5359d0 .concat8 [ 1 1 1 1], L_0x599dfe533550, L_0x599dfe533e20, L_0x599dfe534880, L_0x599dfe5353c0;
L_0x599dfe535a70 .part o0x7b3c3d7a4638, 3, 1;
L_0x599dfe535c10 .part o0x7b3c3d7a4668, 3, 1;
L_0x599dfe535d40 .part L_0x599dfe5307c0, 2, 1;
L_0x599dfe535ef0 .part L_0x599dfe5307c0, 3, 1;
S_0x599dfe50e340 .scope module, "cla" "cla_4" 10 6, 10 34 0, S_0x599dfe4b36c0;
 .timescale -9 -11;
    .port_info 0 /OUTPUT 4 "C";
    .port_info 1 /INPUT 4 "G";
    .port_info 2 /INPUT 4 "P";
    .port_info 3 /INPUT 1 "c_in";
L_0x599dfe52e980 .functor AND 1, L_0x599dfe52e8e0, o0x7b3c3d7a32b8, C4<1>, C4<1>;
L_0x599dfe52ea40 .functor OR 1, L_0x599dfe52e840, L_0x599dfe52e980, C4<0>, C4<0>;
L_0x599dfe52ed80 .functor AND 1, L_0x599dfe52ebf0, L_0x599dfe52ece0, C4<1>, C4<1>;
L_0x599dfe52ee90 .functor OR 1, L_0x599dfe52eb00, L_0x599dfe52ed80, C4<0>, C4<0>;
L_0x599dfe52f1e0 .functor AND 1, L_0x599dfe52efd0, L_0x599dfe52f0b0, C4<1>, C4<1>;
L_0x599dfe52f2a0 .functor AND 1, L_0x599dfe52f1e0, o0x7b3c3d7a32b8, C4<1>, C4<1>;
L_0x599dfe52f3a0 .functor OR 1, L_0x599dfe52ee90, L_0x599dfe52f2a0, C4<0>, C4<0>;
L_0x599dfe52f7d0 .functor AND 1, L_0x599dfe52f630, L_0x599dfe52f6d0, C4<1>, C4<1>;
L_0x599dfe52f890 .functor OR 1, L_0x599dfe52f4b0, L_0x599dfe52f7d0, C4<0>, C4<0>;
L_0x599dfe52fb50 .functor AND 1, L_0x599dfe52f9a0, L_0x599dfe52fa40, C4<1>, C4<1>;
L_0x599dfe52fd60 .functor AND 1, L_0x599dfe52fb50, L_0x599dfe52fcc0, C4<1>, C4<1>;
L_0x599dfe52fe20 .functor OR 1, L_0x599dfe52f890, L_0x599dfe52fd60, C4<0>, C4<0>;
L_0x599dfe52fae0 .functor AND 1, L_0x599dfe52ffa0, L_0x599dfe5301d0, C4<1>, C4<1>;
L_0x599dfe530440 .functor AND 1, L_0x599dfe52fae0, L_0x599dfe530310, C4<1>, C4<1>;
L_0x599dfe52ff30 .functor AND 1, L_0x599dfe530440, o0x7b3c3d7a32b8, C4<1>, C4<1>;
L_0x599dfe530620 .functor OR 1, L_0x599dfe52fe20, L_0x599dfe52ff30, C4<0>, C4<0>;
L_0x599dfe530de0 .functor AND 1, L_0x599dfe530ae0, L_0x599dfe530b80, C4<1>, C4<1>;
L_0x599dfe530ef0 .functor OR 1, L_0x599dfe5309a0, L_0x599dfe530de0, C4<0>, C4<0>;
L_0x599dfe531200 .functor AND 1, L_0x599dfe530a40, L_0x599dfe5310a0, C4<1>, C4<1>;
L_0x599dfe5313b0 .functor AND 1, L_0x599dfe531200, L_0x599dfe531310, C4<1>, C4<1>;
L_0x599dfe531570 .functor OR 1, L_0x599dfe530ef0, L_0x599dfe5313b0, C4<0>, C4<0>;
L_0x599dfe5317f0 .functor AND 1, L_0x599dfe531000, L_0x599dfe531750, C4<1>, C4<1>;
L_0x599dfe531d50 .functor AND 1, L_0x599dfe5317f0, L_0x599dfe5319c0, C4<1>, C4<1>;
L_0x599dfe531f00 .functor AND 1, L_0x599dfe531d50, L_0x599dfe531e60, C4<1>, C4<1>;
L_0x599dfe5320e0 .functor OR 1, L_0x599dfe531570, L_0x599dfe531f00, C4<0>, C4<0>;
L_0x599dfe532420 .functor AND 1, L_0x599dfe5321f0, L_0x599dfe532380, C4<1>, C4<1>;
L_0x599dfe5327b0 .functor AND 1, L_0x599dfe532420, L_0x599dfe532610, C4<1>, C4<1>;
L_0x599dfe532960 .functor AND 1, L_0x599dfe5327b0, L_0x599dfe5328c0, C4<1>, C4<1>;
L_0x599dfe532b60 .functor AND 1, L_0x599dfe532960, o0x7b3c3d7a32b8, C4<1>, C4<1>;
L_0x599dfe532c20 .functor OR 1, L_0x599dfe5320e0, L_0x599dfe532b60, C4<0>, C4<0>;
v0x599dfe50e5b0_0 .net "C", 4 1, L_0x599dfe5307c0;  alias, 1 drivers
v0x599dfe50e6b0_0 .net "G", 3 0, L_0x599dfe532e80;  1 drivers
v0x599dfe50e790_0 .net "P", 3 0, L_0x599dfe533060;  1 drivers
v0x599dfe50e880_0 .net *"_ivl_102", 0 0, L_0x599dfe5319c0;  1 drivers
v0x599dfe50e960_0 .net *"_ivl_103", 0 0, L_0x599dfe531d50;  1 drivers
v0x599dfe50ea90_0 .net *"_ivl_106", 0 0, L_0x599dfe531e60;  1 drivers
v0x599dfe50eb70_0 .net *"_ivl_107", 0 0, L_0x599dfe531f00;  1 drivers
v0x599dfe50ec50_0 .net *"_ivl_109", 0 0, L_0x599dfe5320e0;  1 drivers
v0x599dfe50ed30_0 .net *"_ivl_112", 0 0, L_0x599dfe5321f0;  1 drivers
v0x599dfe50eea0_0 .net *"_ivl_114", 0 0, L_0x599dfe532380;  1 drivers
v0x599dfe50ef80_0 .net *"_ivl_115", 0 0, L_0x599dfe532420;  1 drivers
v0x599dfe50f060_0 .net *"_ivl_118", 0 0, L_0x599dfe532610;  1 drivers
v0x599dfe50f140_0 .net *"_ivl_119", 0 0, L_0x599dfe5327b0;  1 drivers
v0x599dfe50f220_0 .net *"_ivl_122", 0 0, L_0x599dfe5328c0;  1 drivers
v0x599dfe50f300_0 .net *"_ivl_123", 0 0, L_0x599dfe532960;  1 drivers
v0x599dfe50f3e0_0 .net *"_ivl_125", 0 0, L_0x599dfe532b60;  1 drivers
v0x599dfe50f4c0_0 .net *"_ivl_127", 0 0, L_0x599dfe532c20;  1 drivers
v0x599dfe50f6b0_0 .net *"_ivl_13", 0 0, L_0x599dfe52eb00;  1 drivers
v0x599dfe50f790_0 .net *"_ivl_15", 0 0, L_0x599dfe52ebf0;  1 drivers
v0x599dfe50f870_0 .net *"_ivl_17", 0 0, L_0x599dfe52ece0;  1 drivers
v0x599dfe50f950_0 .net *"_ivl_18", 0 0, L_0x599dfe52ed80;  1 drivers
v0x599dfe50fa30_0 .net *"_ivl_20", 0 0, L_0x599dfe52ee90;  1 drivers
v0x599dfe50fb10_0 .net *"_ivl_23", 0 0, L_0x599dfe52efd0;  1 drivers
v0x599dfe50fbf0_0 .net *"_ivl_25", 0 0, L_0x599dfe52f0b0;  1 drivers
v0x599dfe50fcd0_0 .net *"_ivl_26", 0 0, L_0x599dfe52f1e0;  1 drivers
v0x599dfe50fdb0_0 .net *"_ivl_28", 0 0, L_0x599dfe52f2a0;  1 drivers
v0x599dfe50fe90_0 .net *"_ivl_3", 0 0, L_0x599dfe52e840;  1 drivers
v0x599dfe50ff70_0 .net *"_ivl_30", 0 0, L_0x599dfe52f3a0;  1 drivers
v0x599dfe510050_0 .net *"_ivl_35", 0 0, L_0x599dfe52f4b0;  1 drivers
v0x599dfe510130_0 .net *"_ivl_37", 0 0, L_0x599dfe52f630;  1 drivers
v0x599dfe510210_0 .net *"_ivl_39", 0 0, L_0x599dfe52f6d0;  1 drivers
v0x599dfe5102f0_0 .net *"_ivl_40", 0 0, L_0x599dfe52f7d0;  1 drivers
v0x599dfe5103d0_0 .net *"_ivl_42", 0 0, L_0x599dfe52f890;  1 drivers
v0x599dfe5106c0_0 .net *"_ivl_45", 0 0, L_0x599dfe52f9a0;  1 drivers
v0x599dfe5107a0_0 .net *"_ivl_47", 0 0, L_0x599dfe52fa40;  1 drivers
v0x599dfe510880_0 .net *"_ivl_48", 0 0, L_0x599dfe52fb50;  1 drivers
v0x599dfe510960_0 .net *"_ivl_5", 0 0, L_0x599dfe52e8e0;  1 drivers
v0x599dfe510a40_0 .net *"_ivl_51", 0 0, L_0x599dfe52fcc0;  1 drivers
v0x599dfe510b20_0 .net *"_ivl_52", 0 0, L_0x599dfe52fd60;  1 drivers
v0x599dfe510c00_0 .net *"_ivl_54", 0 0, L_0x599dfe52fe20;  1 drivers
v0x599dfe510ce0_0 .net *"_ivl_57", 0 0, L_0x599dfe52ffa0;  1 drivers
v0x599dfe510dc0_0 .net *"_ivl_59", 0 0, L_0x599dfe5301d0;  1 drivers
v0x599dfe510ea0_0 .net *"_ivl_6", 0 0, L_0x599dfe52e980;  1 drivers
v0x599dfe510f80_0 .net *"_ivl_60", 0 0, L_0x599dfe52fae0;  1 drivers
v0x599dfe511060_0 .net *"_ivl_63", 0 0, L_0x599dfe530310;  1 drivers
v0x599dfe511140_0 .net *"_ivl_64", 0 0, L_0x599dfe530440;  1 drivers
v0x599dfe511220_0 .net *"_ivl_66", 0 0, L_0x599dfe52ff30;  1 drivers
v0x599dfe511300_0 .net *"_ivl_68", 0 0, L_0x599dfe530620;  1 drivers
v0x599dfe5113e0_0 .net *"_ivl_74", 0 0, L_0x599dfe5309a0;  1 drivers
v0x599dfe5114c0_0 .net *"_ivl_76", 0 0, L_0x599dfe530ae0;  1 drivers
v0x599dfe5115a0_0 .net *"_ivl_78", 0 0, L_0x599dfe530b80;  1 drivers
v0x599dfe511680_0 .net *"_ivl_79", 0 0, L_0x599dfe530de0;  1 drivers
v0x599dfe511760_0 .net *"_ivl_8", 0 0, L_0x599dfe52ea40;  1 drivers
v0x599dfe511840_0 .net *"_ivl_81", 0 0, L_0x599dfe530ef0;  1 drivers
v0x599dfe511920_0 .net *"_ivl_84", 0 0, L_0x599dfe530a40;  1 drivers
v0x599dfe511a00_0 .net *"_ivl_86", 0 0, L_0x599dfe5310a0;  1 drivers
v0x599dfe511ae0_0 .net *"_ivl_87", 0 0, L_0x599dfe531200;  1 drivers
v0x599dfe511bc0_0 .net *"_ivl_90", 0 0, L_0x599dfe531310;  1 drivers
v0x599dfe511ca0_0 .net *"_ivl_91", 0 0, L_0x599dfe5313b0;  1 drivers
v0x599dfe511d80_0 .net *"_ivl_93", 0 0, L_0x599dfe531570;  1 drivers
v0x599dfe511e60_0 .net *"_ivl_96", 0 0, L_0x599dfe531000;  1 drivers
v0x599dfe511f40_0 .net *"_ivl_98", 0 0, L_0x599dfe531750;  1 drivers
v0x599dfe512020_0 .net *"_ivl_99", 0 0, L_0x599dfe5317f0;  1 drivers
v0x599dfe512100_0 .net "c_in", 0 0, o0x7b3c3d7a32b8;  alias, 0 drivers
L_0x599dfe52e840 .part L_0x599dfe532e80, 0, 1;
L_0x599dfe52e8e0 .part L_0x599dfe533060, 0, 1;
L_0x599dfe52eb00 .part L_0x599dfe532e80, 1, 1;
L_0x599dfe52ebf0 .part L_0x599dfe533060, 1, 1;
L_0x599dfe52ece0 .part L_0x599dfe532e80, 0, 1;
L_0x599dfe52efd0 .part L_0x599dfe533060, 1, 1;
L_0x599dfe52f0b0 .part L_0x599dfe533060, 0, 1;
L_0x599dfe52f4b0 .part L_0x599dfe532e80, 2, 1;
L_0x599dfe52f630 .part L_0x599dfe533060, 2, 1;
L_0x599dfe52f6d0 .part L_0x599dfe532e80, 1, 1;
L_0x599dfe52f9a0 .part L_0x599dfe533060, 2, 1;
L_0x599dfe52fa40 .part L_0x599dfe533060, 1, 1;
L_0x599dfe52fcc0 .part L_0x599dfe532e80, 0, 1;
L_0x599dfe52ffa0 .part L_0x599dfe533060, 2, 1;
L_0x599dfe5301d0 .part L_0x599dfe533060, 1, 1;
L_0x599dfe530310 .part L_0x599dfe533060, 0, 1;
L_0x599dfe5307c0 .concat8 [ 1 1 1 1], L_0x599dfe52ea40, L_0x599dfe52f3a0, L_0x599dfe530620, L_0x599dfe532c20;
L_0x599dfe5309a0 .part L_0x599dfe532e80, 3, 1;
L_0x599dfe530ae0 .part L_0x599dfe533060, 3, 1;
L_0x599dfe530b80 .part L_0x599dfe532e80, 2, 1;
L_0x599dfe530a40 .part L_0x599dfe533060, 3, 1;
L_0x599dfe5310a0 .part L_0x599dfe533060, 2, 1;
L_0x599dfe531310 .part L_0x599dfe532e80, 1, 1;
L_0x599dfe531000 .part L_0x599dfe533060, 3, 1;
L_0x599dfe531750 .part L_0x599dfe533060, 2, 1;
L_0x599dfe5319c0 .part L_0x599dfe533060, 1, 1;
L_0x599dfe531e60 .part L_0x599dfe532e80, 0, 1;
L_0x599dfe5321f0 .part L_0x599dfe533060, 3, 1;
L_0x599dfe532380 .part L_0x599dfe533060, 2, 1;
L_0x599dfe532610 .part L_0x599dfe533060, 1, 1;
L_0x599dfe5328c0 .part L_0x599dfe533060, 0, 1;
S_0x599dfe512240 .scope module, "fa0" "fa_v3" 10 7, 10 15 0, S_0x599dfe4b36c0;
 .timescale -9 -11;
    .port_info 0 /OUTPUT 1 "sum";
    .port_info 1 /OUTPUT 1 "c_out";
    .port_info 2 /OUTPUT 1 "p";
    .port_info 3 /OUTPUT 1 "g";
    .port_info 4 /INPUT 1 "a";
    .port_info 5 /INPUT 1 "b";
    .port_info 6 /INPUT 1 "c_in";
L_0x599dfe5338d0 .functor OR 1, L_0x599dfe5333f0, L_0x599dfe533770, C4<0>, C4<0>;
L_0x599dfe533990 .functor OR 1, L_0x599dfe533a70, L_0x599dfe533b10, C4<0>, C4<0>;
L_0x599dfe533a00 .functor AND 1, L_0x599dfe533a70, L_0x599dfe533b10, C4<1>, C4<1>;
v0x599dfe5130e0_0 .net "a", 0 0, L_0x599dfe533a70;  1 drivers
v0x599dfe5131a0_0 .net "b", 0 0, L_0x599dfe533b10;  1 drivers
v0x599dfe513270_0 .net "c_in", 0 0, o0x7b3c3d7a32b8;  alias, 0 drivers
v0x599dfe513390_0 .net "c_out", 0 0, L_0x599dfe5338d0;  alias, 1 drivers
v0x599dfe513430_0 .net "carry1", 0 0, L_0x599dfe5333f0;  1 drivers
v0x599dfe513520_0 .net "carry2", 0 0, L_0x599dfe533770;  1 drivers
v0x599dfe5135c0_0 .net "g", 0 0, L_0x599dfe533a00;  alias, 1 drivers
v0x599dfe513660_0 .net "p", 0 0, L_0x599dfe533990;  alias, 1 drivers
v0x599dfe513700_0 .net "sum", 0 0, L_0x599dfe533550;  1 drivers
v0x599dfe5137d0_0 .net "sum_par", 0 0, L_0x599dfe533240;  1 drivers
S_0x599dfe5124a0 .scope module, "ha1" "ha_vr" 10 19, 10 27 0, S_0x599dfe512240;
 .timescale -9 -11;
    .port_info 0 /OUTPUT 1 "sum";
    .port_info 1 /OUTPUT 1 "carry";
    .port_info 2 /INPUT 1 "a";
    .port_info 3 /INPUT 1 "b";
L_0x599dfe533240/d .functor XOR 1, L_0x599dfe533a70, L_0x599dfe533b10, C4<0>, C4<0>;
L_0x599dfe533240 .delay 1 (100,100,100) L_0x599dfe533240/d;
L_0x599dfe5333f0/d .functor AND 1, L_0x599dfe533a70, L_0x599dfe533b10, C4<1>, C4<1>;
L_0x599dfe5333f0 .delay 1 (100,100,100) L_0x599dfe5333f0/d;
v0x599dfe5126f0_0 .net "a", 0 0, L_0x599dfe533a70;  alias, 1 drivers
v0x599dfe5127d0_0 .net "b", 0 0, L_0x599dfe533b10;  alias, 1 drivers
v0x599dfe512890_0 .net "carry", 0 0, L_0x599dfe5333f0;  alias, 1 drivers
v0x599dfe512960_0 .net "sum", 0 0, L_0x599dfe533240;  alias, 1 drivers
S_0x599dfe512ad0 .scope module, "ha2" "ha_vr" 10 20, 10 27 0, S_0x599dfe512240;
 .timescale -9 -11;
    .port_info 0 /OUTPUT 1 "sum";
    .port_info 1 /OUTPUT 1 "carry";
    .port_info 2 /INPUT 1 "a";
    .port_info 3 /INPUT 1 "b";
L_0x599dfe533550/d .functor XOR 1, o0x7b3c3d7a32b8, L_0x599dfe533240, C4<0>, C4<0>;
L_0x599dfe533550 .delay 1 (100,100,100) L_0x599dfe533550/d;
L_0x599dfe533770/d .functor AND 1, o0x7b3c3d7a32b8, L_0x599dfe533240, C4<1>, C4<1>;
L_0x599dfe533770 .delay 1 (100,100,100) L_0x599dfe533770/d;
v0x599dfe512d40_0 .net "a", 0 0, o0x7b3c3d7a32b8;  alias, 0 drivers
v0x599dfe512e10_0 .net "b", 0 0, L_0x599dfe533240;  alias, 1 drivers
v0x599dfe512ee0_0 .net "carry", 0 0, L_0x599dfe533770;  alias, 1 drivers
v0x599dfe512fb0_0 .net "sum", 0 0, L_0x599dfe533550;  alias, 1 drivers
S_0x599dfe513930 .scope module, "fa1" "fa_v3" 10 8, 10 15 0, S_0x599dfe4b36c0;
 .timescale -9 -11;
    .port_info 0 /OUTPUT 1 "sum";
    .port_info 1 /OUTPUT 1 "c_out";
    .port_info 2 /OUTPUT 1 "p";
    .port_info 3 /OUTPUT 1 "g";
    .port_info 4 /INPUT 1 "a";
    .port_info 5 /INPUT 1 "b";
    .port_info 6 /INPUT 1 "c_in";
L_0x599dfe5340e0 .functor OR 1, L_0x599dfe533cc0, L_0x599dfe533f80, C4<0>, C4<0>;
L_0x599dfe5341a0 .functor OR 1, L_0x599dfe534310, L_0x599dfe5343b0, C4<0>, C4<0>;
L_0x599dfe5342a0 .functor AND 1, L_0x599dfe534310, L_0x599dfe5343b0, C4<1>, C4<1>;
v0x599dfe514840_0 .net "a", 0 0, L_0x599dfe534310;  1 drivers
v0x599dfe514900_0 .net "b", 0 0, L_0x599dfe5343b0;  1 drivers
v0x599dfe5149d0_0 .net "c_in", 0 0, L_0x599dfe534490;  1 drivers
v0x599dfe514ad0_0 .net "c_out", 0 0, L_0x599dfe5340e0;  alias, 1 drivers
v0x599dfe514b70_0 .net "carry1", 0 0, L_0x599dfe533cc0;  1 drivers
v0x599dfe514c60_0 .net "carry2", 0 0, L_0x599dfe533f80;  1 drivers
v0x599dfe514d30_0 .net "g", 0 0, L_0x599dfe5342a0;  alias, 1 drivers
v0x599dfe514dd0_0 .net "p", 0 0, L_0x599dfe5341a0;  alias, 1 drivers
v0x599dfe514e70_0 .net "sum", 0 0, L_0x599dfe533e20;  1 drivers
v0x599dfe514fd0_0 .net "sum_par", 0 0, L_0x599dfe533bb0;  1 drivers
S_0x599dfe513bc0 .scope module, "ha1" "ha_vr" 10 19, 10 27 0, S_0x599dfe513930;
 .timescale -9 -11;
    .port_info 0 /OUTPUT 1 "sum";
    .port_info 1 /OUTPUT 1 "carry";
    .port_info 2 /INPUT 1 "a";
    .port_info 3 /INPUT 1 "b";
L_0x599dfe533bb0/d .functor XOR 1, L_0x599dfe534310, L_0x599dfe5343b0, C4<0>, C4<0>;
L_0x599dfe533bb0 .delay 1 (100,100,100) L_0x599dfe533bb0/d;
L_0x599dfe533cc0/d .functor AND 1, L_0x599dfe534310, L_0x599dfe5343b0, C4<1>, C4<1>;
L_0x599dfe533cc0 .delay 1 (100,100,100) L_0x599dfe533cc0/d;
v0x599dfe513e40_0 .net "a", 0 0, L_0x599dfe534310;  alias, 1 drivers
v0x599dfe513f20_0 .net "b", 0 0, L_0x599dfe5343b0;  alias, 1 drivers
v0x599dfe513fe0_0 .net "carry", 0 0, L_0x599dfe533cc0;  alias, 1 drivers
v0x599dfe5140b0_0 .net "sum", 0 0, L_0x599dfe533bb0;  alias, 1 drivers
S_0x599dfe514220 .scope module, "ha2" "ha_vr" 10 20, 10 27 0, S_0x599dfe513930;
 .timescale -9 -11;
    .port_info 0 /OUTPUT 1 "sum";
    .port_info 1 /OUTPUT 1 "carry";
    .port_info 2 /INPUT 1 "a";
    .port_info 3 /INPUT 1 "b";
L_0x599dfe533e20/d .functor XOR 1, L_0x599dfe534490, L_0x599dfe533bb0, C4<0>, C4<0>;
L_0x599dfe533e20 .delay 1 (100,100,100) L_0x599dfe533e20/d;
L_0x599dfe533f80/d .functor AND 1, L_0x599dfe534490, L_0x599dfe533bb0, C4<1>, C4<1>;
L_0x599dfe533f80 .delay 1 (100,100,100) L_0x599dfe533f80/d;
v0x599dfe514490_0 .net "a", 0 0, L_0x599dfe534490;  alias, 1 drivers
v0x599dfe514550_0 .net "b", 0 0, L_0x599dfe533bb0;  alias, 1 drivers
v0x599dfe514640_0 .net "carry", 0 0, L_0x599dfe533f80;  alias, 1 drivers
v0x599dfe514710_0 .net "sum", 0 0, L_0x599dfe533e20;  alias, 1 drivers
S_0x599dfe515110 .scope module, "fa2" "fa_v3" 10 9, 10 15 0, S_0x599dfe4b36c0;
 .timescale -9 -11;
    .port_info 0 /OUTPUT 1 "sum";
    .port_info 1 /OUTPUT 1 "c_out";
    .port_info 2 /OUTPUT 1 "p";
    .port_info 3 /OUTPUT 1 "g";
    .port_info 4 /INPUT 1 "a";
    .port_info 5 /INPUT 1 "b";
    .port_info 6 /INPUT 1 "c_in";
L_0x599dfe534bd0 .functor OR 1, L_0x599dfe534720, L_0x599dfe534a70, C4<0>, C4<0>;
L_0x599dfe534c90 .functor OR 1, L_0x599dfe534e90, L_0x599dfe534f80, C4<0>, C4<0>;
L_0x599dfe534e20 .functor AND 1, L_0x599dfe534e90, L_0x599dfe534f80, C4<1>, C4<1>;
v0x599dfe516010_0 .net "a", 0 0, L_0x599dfe534e90;  1 drivers
v0x599dfe5160d0_0 .net "b", 0 0, L_0x599dfe534f80;  1 drivers
v0x599dfe5161a0_0 .net "c_in", 0 0, L_0x599dfe535020;  1 drivers
v0x599dfe5162a0_0 .net "c_out", 0 0, L_0x599dfe534bd0;  alias, 1 drivers
v0x599dfe516340_0 .net "carry1", 0 0, L_0x599dfe534720;  1 drivers
v0x599dfe516430_0 .net "carry2", 0 0, L_0x599dfe534a70;  1 drivers
v0x599dfe516500_0 .net "g", 0 0, L_0x599dfe534e20;  alias, 1 drivers
v0x599dfe5165a0_0 .net "p", 0 0, L_0x599dfe534c90;  alias, 1 drivers
v0x599dfe516640_0 .net "sum", 0 0, L_0x599dfe534880;  1 drivers
v0x599dfe5167a0_0 .net "sum_par", 0 0, L_0x599dfe5345c0;  1 drivers
S_0x599dfe5153a0 .scope module, "ha1" "ha_vr" 10 19, 10 27 0, S_0x599dfe515110;
 .timescale -9 -11;
    .port_info 0 /OUTPUT 1 "sum";
    .port_info 1 /OUTPUT 1 "carry";
    .port_info 2 /INPUT 1 "a";
    .port_info 3 /INPUT 1 "b";
L_0x599dfe5345c0/d .functor XOR 1, L_0x599dfe534e90, L_0x599dfe534f80, C4<0>, C4<0>;
L_0x599dfe5345c0 .delay 1 (100,100,100) L_0x599dfe5345c0/d;
L_0x599dfe534720/d .functor AND 1, L_0x599dfe534e90, L_0x599dfe534f80, C4<1>, C4<1>;
L_0x599dfe534720 .delay 1 (100,100,100) L_0x599dfe534720/d;
v0x599dfe515610_0 .net "a", 0 0, L_0x599dfe534e90;  alias, 1 drivers
v0x599dfe5156f0_0 .net "b", 0 0, L_0x599dfe534f80;  alias, 1 drivers
v0x599dfe5157b0_0 .net "carry", 0 0, L_0x599dfe534720;  alias, 1 drivers
v0x599dfe515880_0 .net "sum", 0 0, L_0x599dfe5345c0;  alias, 1 drivers
S_0x599dfe5159f0 .scope module, "ha2" "ha_vr" 10 20, 10 27 0, S_0x599dfe515110;
 .timescale -9 -11;
    .port_info 0 /OUTPUT 1 "sum";
    .port_info 1 /OUTPUT 1 "carry";
    .port_info 2 /INPUT 1 "a";
    .port_info 3 /INPUT 1 "b";
L_0x599dfe534880/d .functor XOR 1, L_0x599dfe535020, L_0x599dfe5345c0, C4<0>, C4<0>;
L_0x599dfe534880 .delay 1 (100,100,100) L_0x599dfe534880/d;
L_0x599dfe534a70/d .functor AND 1, L_0x599dfe535020, L_0x599dfe5345c0, C4<1>, C4<1>;
L_0x599dfe534a70 .delay 1 (100,100,100) L_0x599dfe534a70/d;
v0x599dfe515c60_0 .net "a", 0 0, L_0x599dfe535020;  alias, 1 drivers
v0x599dfe515d20_0 .net "b", 0 0, L_0x599dfe5345c0;  alias, 1 drivers
v0x599dfe515e10_0 .net "carry", 0 0, L_0x599dfe534a70;  alias, 1 drivers
v0x599dfe515ee0_0 .net "sum", 0 0, L_0x599dfe534880;  alias, 1 drivers
S_0x599dfe5168e0 .scope module, "fa3" "fa_v3" 10 10, 10 15 0, S_0x599dfe4b36c0;
 .timescale -9 -11;
    .port_info 0 /OUTPUT 1 "sum";
    .port_info 1 /OUTPUT 1 "c_out";
    .port_info 2 /OUTPUT 1 "p";
    .port_info 3 /OUTPUT 1 "g";
    .port_info 4 /INPUT 1 "a";
    .port_info 5 /INPUT 1 "b";
    .port_info 6 /INPUT 1 "c_in";
L_0x599dfe535710 .functor OR 1, L_0x599dfe535300, L_0x599dfe5355b0, C4<0>, C4<0>;
L_0x599dfe5357d0 .functor OR 1, L_0x599dfe535a70, L_0x599dfe535c10, C4<0>, C4<0>;
L_0x599dfe535960 .functor AND 1, L_0x599dfe535a70, L_0x599dfe535c10, C4<1>, C4<1>;
v0x599dfe517800_0 .net "a", 0 0, L_0x599dfe535a70;  1 drivers
v0x599dfe5178c0_0 .net "b", 0 0, L_0x599dfe535c10;  1 drivers
v0x599dfe517990_0 .net "c_in", 0 0, L_0x599dfe535d40;  1 drivers
v0x599dfe517a90_0 .net "c_out", 0 0, L_0x599dfe535710;  alias, 1 drivers
v0x599dfe517b30_0 .net "carry1", 0 0, L_0x599dfe535300;  1 drivers
v0x599dfe517c20_0 .net "carry2", 0 0, L_0x599dfe5355b0;  1 drivers
v0x599dfe517cf0_0 .net "g", 0 0, L_0x599dfe535960;  alias, 1 drivers
v0x599dfe517d90_0 .net "p", 0 0, L_0x599dfe5357d0;  alias, 1 drivers
v0x599dfe517e30_0 .net "sum", 0 0, L_0x599dfe5353c0;  1 drivers
v0x599dfe517f90_0 .net "sum_par", 0 0, L_0x599dfe535240;  1 drivers
S_0x599dfe516bc0 .scope module, "ha1" "ha_vr" 10 19, 10 27 0, S_0x599dfe5168e0;
 .timescale -9 -11;
    .port_info 0 /OUTPUT 1 "sum";
    .port_info 1 /OUTPUT 1 "carry";
    .port_info 2 /INPUT 1 "a";
    .port_info 3 /INPUT 1 "b";
L_0x599dfe535240/d .functor XOR 1, L_0x599dfe535a70, L_0x599dfe535c10, C4<0>, C4<0>;
L_0x599dfe535240 .delay 1 (100,100,100) L_0x599dfe535240/d;
L_0x599dfe535300/d .functor AND 1, L_0x599dfe535a70, L_0x599dfe535c10, C4<1>, C4<1>;
L_0x599dfe535300 .delay 1 (100,100,100) L_0x599dfe535300/d;
v0x599dfe516e30_0 .net "a", 0 0, L_0x599dfe535a70;  alias, 1 drivers
v0x599dfe516f10_0 .net "b", 0 0, L_0x599dfe535c10;  alias, 1 drivers
v0x599dfe516fd0_0 .net "carry", 0 0, L_0x599dfe535300;  alias, 1 drivers
v0x599dfe517070_0 .net "sum", 0 0, L_0x599dfe535240;  alias, 1 drivers
S_0x599dfe5171e0 .scope module, "ha2" "ha_vr" 10 20, 10 27 0, S_0x599dfe5168e0;
 .timescale -9 -11;
    .port_info 0 /OUTPUT 1 "sum";
    .port_info 1 /OUTPUT 1 "carry";
    .port_info 2 /INPUT 1 "a";
    .port_info 3 /INPUT 1 "b";
L_0x599dfe5353c0/d .functor XOR 1, L_0x599dfe535d40, L_0x599dfe535240, C4<0>, C4<0>;
L_0x599dfe5353c0 .delay 1 (100,100,100) L_0x599dfe5353c0/d;
L_0x599dfe5355b0/d .functor AND 1, L_0x599dfe535d40, L_0x599dfe535240, C4<1>, C4<1>;
L_0x599dfe5355b0 .delay 1 (100,100,100) L_0x599dfe5355b0/d;
v0x599dfe517450_0 .net "a", 0 0, L_0x599dfe535d40;  alias, 1 drivers
v0x599dfe517510_0 .net "b", 0 0, L_0x599dfe535240;  alias, 1 drivers
v0x599dfe517600_0 .net "carry", 0 0, L_0x599dfe5355b0;  alias, 1 drivers
v0x599dfe5176d0_0 .net "sum", 0 0, L_0x599dfe5353c0;  alias, 1 drivers
S_0x599dfe4b3280 .scope module, "uc" "uc" 11 1;
 .timescale -9 -11;
    .port_info 0 /INPUT 1 "q0";
    .port_info 1 /INPUT 1 "start";
    .port_info 2 /INPUT 1 "clk";
    .port_info 3 /OUTPUT 1 "CargaQ";
    .port_info 4 /OUTPUT 1 "DesplazaQ";
    .port_info 5 /OUTPUT 1 "ResetA";
    .port_info 6 /OUTPUT 1 "CargaA";
    .port_info 7 /OUTPUT 1 "Fin";
P_0x599dfe472ba0 .param/l "S0" 1 11 6, C4<000>;
P_0x599dfe472be0 .param/l "S1" 1 11 7, C4<001>;
P_0x599dfe472c20 .param/l "S2" 1 11 8, C4<010>;
P_0x599dfe472c60 .param/l "S3" 1 11 9, C4<011>;
P_0x599dfe472ca0 .param/l "S4" 1 11 10, C4<100>;
P_0x599dfe472ce0 .param/l "S5" 1 11 11, C4<101>;
P_0x599dfe472d20 .param/l "S6" 1 11 12, C4<110>;
P_0x599dfe472d60 .param/l "retardo" 0 11 1, +C4<00000000000000000000000000000001>;
L_0x599dfe535ba0 .functor OR 1, L_0x599dfe536170, L_0x599dfe5362b0, C4<0>, C4<0>;
L_0x599dfe536cd0 .functor OR 1, L_0x599dfe536ad0, L_0x599dfe536b70, C4<0>, C4<0>;
L_0x599dfe536ed0 .functor OR 1, L_0x599dfe536cd0, L_0x599dfe536de0, C4<0>, C4<0>;
o0x7b3c3d7a4ff8 .functor BUFZ 1, C4<z>; HiZ drive
L_0x599dfe536fe0 .functor AND 1, o0x7b3c3d7a4ff8, L_0x599dfe536ed0, C4<1>, C4<1>;
v0x599dfe519050_0 .net "CargaA", 0 0, L_0x599dfe5372b0;  1 drivers
v0x599dfe5190f0_0 .net "CargaQ", 0 0, L_0x599dfe5360d0;  1 drivers
v0x599dfe519190_0 .net "DesplazaQ", 0 0, L_0x599dfe536610;  1 drivers
v0x599dfe519260_0 .net "Fin", 0 0, L_0x599dfe5377c0;  1 drivers
v0x599dfe519320_0 .net "ResetA", 0 0, L_0x599dfe536980;  1 drivers
L_0x7b3c3d757330 .functor BUFT 1, C4<000>, C4<0>, C4<0>, C4<0>;
v0x599dfe5193e0_0 .net/2u *"_ivl_0", 2 0, L_0x7b3c3d757330;  1 drivers
L_0x7b3c3d757408 .functor BUFT 1, C4<010>, C4<0>, C4<0>, C4<0>;
v0x599dfe5194c0_0 .net/2u *"_ivl_12", 2 0, L_0x7b3c3d757408;  1 drivers
v0x599dfe5195a0_0 .net *"_ivl_14", 0 0, L_0x599dfe536170;  1 drivers
L_0x7b3c3d757450 .functor BUFT 1, C4<100>, C4<0>, C4<0>, C4<0>;
v0x599dfe519660_0 .net/2u *"_ivl_16", 2 0, L_0x7b3c3d757450;  1 drivers
v0x599dfe519740_0 .net *"_ivl_18", 0 0, L_0x599dfe5362b0;  1 drivers
v0x599dfe519800_0 .net *"_ivl_2", 0 0, L_0x599dfe535f90;  1 drivers
v0x599dfe5198c0_0 .net *"_ivl_20", 0 0, L_0x599dfe535ba0;  1 drivers
L_0x7b3c3d757498 .functor BUFT 1, C4<01>, C4<0>, C4<0>, C4<0>;
v0x599dfe5199a0_0 .net/2s *"_ivl_22", 1 0, L_0x7b3c3d757498;  1 drivers
L_0x7b3c3d7574e0 .functor BUFT 1, C4<00>, C4<0>, C4<0>, C4<0>;
v0x599dfe519a80_0 .net/2s *"_ivl_24", 1 0, L_0x7b3c3d7574e0;  1 drivers
v0x599dfe519b60_0 .net *"_ivl_26", 1 0, L_0x599dfe536440;  1 drivers
L_0x7b3c3d757528 .functor BUFT 1, C4<000>, C4<0>, C4<0>, C4<0>;
v0x599dfe519c40_0 .net/2u *"_ivl_30", 2 0, L_0x7b3c3d757528;  1 drivers
v0x599dfe519d20_0 .net *"_ivl_32", 0 0, L_0x599dfe536700;  1 drivers
L_0x7b3c3d757570 .functor BUFT 1, C4<01>, C4<0>, C4<0>, C4<0>;
v0x599dfe519ef0_0 .net/2s *"_ivl_34", 1 0, L_0x7b3c3d757570;  1 drivers
L_0x7b3c3d7575b8 .functor BUFT 1, C4<00>, C4<0>, C4<0>, C4<0>;
v0x599dfe519fd0_0 .net/2s *"_ivl_36", 1 0, L_0x7b3c3d7575b8;  1 drivers
v0x599dfe51a0b0_0 .net *"_ivl_38", 1 0, L_0x599dfe5367f0;  1 drivers
L_0x7b3c3d757378 .functor BUFT 1, C4<01>, C4<0>, C4<0>, C4<0>;
v0x599dfe51a190_0 .net/2s *"_ivl_4", 1 0, L_0x7b3c3d757378;  1 drivers
L_0x7b3c3d757600 .functor BUFT 1, C4<001>, C4<0>, C4<0>, C4<0>;
v0x599dfe51a270_0 .net/2u *"_ivl_42", 2 0, L_0x7b3c3d757600;  1 drivers
v0x599dfe51a350_0 .net *"_ivl_44", 0 0, L_0x599dfe536ad0;  1 drivers
L_0x7b3c3d757648 .functor BUFT 1, C4<011>, C4<0>, C4<0>, C4<0>;
v0x599dfe51a410_0 .net/2u *"_ivl_46", 2 0, L_0x7b3c3d757648;  1 drivers
v0x599dfe51a4f0_0 .net *"_ivl_48", 0 0, L_0x599dfe536b70;  1 drivers
v0x599dfe51a5b0_0 .net *"_ivl_50", 0 0, L_0x599dfe536cd0;  1 drivers
L_0x7b3c3d757690 .functor BUFT 1, C4<101>, C4<0>, C4<0>, C4<0>;
v0x599dfe51a690_0 .net/2u *"_ivl_52", 2 0, L_0x7b3c3d757690;  1 drivers
v0x599dfe51a770_0 .net *"_ivl_54", 0 0, L_0x599dfe536de0;  1 drivers
v0x599dfe51a830_0 .net *"_ivl_56", 0 0, L_0x599dfe536ed0;  1 drivers
v0x599dfe51a910_0 .net *"_ivl_58", 0 0, L_0x599dfe536fe0;  1 drivers
L_0x7b3c3d7573c0 .functor BUFT 1, C4<00>, C4<0>, C4<0>, C4<0>;
v0x599dfe51a9f0_0 .net/2s *"_ivl_6", 1 0, L_0x7b3c3d7573c0;  1 drivers
L_0x7b3c3d7576d8 .functor BUFT 1, C4<01>, C4<0>, C4<0>, C4<0>;
v0x599dfe51aad0_0 .net/2s *"_ivl_60", 1 0, L_0x7b3c3d7576d8;  1 drivers
L_0x7b3c3d757720 .functor BUFT 1, C4<00>, C4<0>, C4<0>, C4<0>;
v0x599dfe51abb0_0 .net/2s *"_ivl_62", 1 0, L_0x7b3c3d757720;  1 drivers
v0x599dfe51aea0_0 .net *"_ivl_64", 1 0, L_0x599dfe5370a0;  1 drivers
L_0x7b3c3d757768 .functor BUFT 1, C4<110>, C4<0>, C4<0>, C4<0>;
v0x599dfe51af80_0 .net/2u *"_ivl_68", 2 0, L_0x7b3c3d757768;  1 drivers
v0x599dfe51b060_0 .net *"_ivl_70", 0 0, L_0x599dfe5373a0;  1 drivers
L_0x7b3c3d7577b0 .functor BUFT 1, C4<01>, C4<0>, C4<0>, C4<0>;
v0x599dfe51b120_0 .net/2s *"_ivl_72", 1 0, L_0x7b3c3d7577b0;  1 drivers
L_0x7b3c3d7577f8 .functor BUFT 1, C4<00>, C4<0>, C4<0>, C4<0>;
v0x599dfe51b200_0 .net/2s *"_ivl_74", 1 0, L_0x7b3c3d7577f8;  1 drivers
v0x599dfe51b2e0_0 .net *"_ivl_76", 1 0, L_0x599dfe537630;  1 drivers
v0x599dfe51b3c0_0 .net *"_ivl_8", 1 0, L_0x599dfe536030;  1 drivers
o0x7b3c3d7a4f98 .functor BUFZ 1, C4<z>; HiZ drive
v0x599dfe51b4a0_0 .net "clk", 0 0, o0x7b3c3d7a4f98;  0 drivers
v0x599dfe51b560_0 .var "nextstate", 2 0;
v0x599dfe51b640_0 .net "q0", 0 0, o0x7b3c3d7a4ff8;  0 drivers
o0x7b3c3d7a5028 .functor BUFZ 1, C4<z>; HiZ drive
v0x599dfe51b700_0 .net "start", 0 0, o0x7b3c3d7a5028;  0 drivers
v0x599dfe51b7c0_0 .var "state", 2 0;
E_0x599dfe461d50 .event anyedge, v0x599dfe51b7c0_0;
E_0x599dfe518ff0 .event posedge, v0x599dfe51b700_0, v0x599dfe51b4a0_0;
L_0x599dfe535f90 .cmp/eq 3, v0x599dfe51b7c0_0, L_0x7b3c3d757330;
L_0x599dfe536030 .functor MUXZ 2, L_0x7b3c3d7573c0, L_0x7b3c3d757378, L_0x599dfe535f90, C4<>;
L_0x599dfe5360d0 .part L_0x599dfe536030, 0, 1;
L_0x599dfe536170 .cmp/eq 3, v0x599dfe51b7c0_0, L_0x7b3c3d757408;
L_0x599dfe5362b0 .cmp/eq 3, v0x599dfe51b7c0_0, L_0x7b3c3d757450;
L_0x599dfe536440 .functor MUXZ 2, L_0x7b3c3d7574e0, L_0x7b3c3d757498, L_0x599dfe535ba0, C4<>;
L_0x599dfe536610 .part L_0x599dfe536440, 0, 1;
L_0x599dfe536700 .cmp/eq 3, v0x599dfe51b7c0_0, L_0x7b3c3d757528;
L_0x599dfe5367f0 .functor MUXZ 2, L_0x7b3c3d7575b8, L_0x7b3c3d757570, L_0x599dfe536700, C4<>;
L_0x599dfe536980 .part L_0x599dfe5367f0, 0, 1;
L_0x599dfe536ad0 .cmp/eq 3, v0x599dfe51b7c0_0, L_0x7b3c3d757600;
L_0x599dfe536b70 .cmp/eq 3, v0x599dfe51b7c0_0, L_0x7b3c3d757648;
L_0x599dfe536de0 .cmp/eq 3, v0x599dfe51b7c0_0, L_0x7b3c3d757690;
L_0x599dfe5370a0 .functor MUXZ 2, L_0x7b3c3d757720, L_0x7b3c3d7576d8, L_0x599dfe536fe0, C4<>;
L_0x599dfe5372b0 .part L_0x599dfe5370a0, 0, 1;
L_0x599dfe5373a0 .cmp/eq 3, v0x599dfe51b7c0_0, L_0x7b3c3d757768;
L_0x599dfe537630 .functor MUXZ 2, L_0x7b3c3d7577f8, L_0x7b3c3d7577b0, L_0x599dfe5373a0, C4<>;
L_0x599dfe5377c0 .part L_0x599dfe537630, 0, 1;
    .scope S_0x599dfe504510;
T_0 ;
    %wait E_0x599dfe4ee240;
    %load/vec4 v0x599dfe504a60_0;
    %flag_set/vec4 8;
    %jmp/0xz  T_0.0, 8;
    %pushi/vec4 0, 0, 10;
    %assign/vec4 v0x599dfe5048d0_0, 0;
    %jmp T_0.1;
T_0.0 ;
    %load/vec4 v0x599dfe5047c0_0;
    %assign/vec4 v0x599dfe5048d0_0, 0;
T_0.1 ;
    %jmp T_0;
    .thread T_0;
    .scope S_0x599dfe502e90;
T_1 ;
    %vpi_call 6 11 "$readmemb", "progfile.dat", v0x599dfe5032c0 {0 0 0};
    %end;
    .thread T_1;
    .scope S_0x599dfe500e40;
T_2 ;
    %vpi_call 5 14 "$readmemb", "regfile.dat", v0x599dfe501180 {0 0 0};
    %end;
    .thread T_2;
    .scope S_0x599dfe500e40;
T_3 ;
    %wait E_0x599dfe441690;
    %load/vec4 v0x599dfe5025d0_0;
    %flag_set/vec4 8;
    %jmp/0xz  T_3.0, 8;
    %load/vec4 v0x599dfe501670_0;
    %load/vec4 v0x599dfe5015b0_0;
    %pad/u 6;
    %ix/vec4 3;
    %ix/load 4, 0, 0; Constant delay
    %assign/vec4/a/d v0x599dfe501180, 0, 4;
T_3.0 ;
    %jmp T_3;
    .thread T_3;
    .scope S_0x599dfe4b3b00;
T_4 ;
    %wait E_0x599dfe462050;
    %load/vec4 v0x599dfe4c42a0_0;
    %dup/vec4;
    %pushi/vec4 0, 0, 3;
    %cmp/u;
    %jmp/1 T_4.0, 6;
    %dup/vec4;
    %pushi/vec4 1, 0, 3;
    %cmp/u;
    %jmp/1 T_4.1, 6;
    %dup/vec4;
    %pushi/vec4 2, 0, 3;
    %cmp/u;
    %jmp/1 T_4.2, 6;
    %dup/vec4;
    %pushi/vec4 3, 0, 3;
    %cmp/u;
    %jmp/1 T_4.3, 6;
    %dup/vec4;
    %pushi/vec4 4, 0, 3;
    %cmp/u;
    %jmp/1 T_4.4, 6;
    %dup/vec4;
    %pushi/vec4 5, 0, 3;
    %cmp/u;
    %jmp/1 T_4.5, 6;
    %dup/vec4;
    %pushi/vec4 6, 0, 3;
    %cmp/u;
    %jmp/1 T_4.6, 6;
    %dup/vec4;
    %pushi/vec4 7, 0, 3;
    %cmp/u;
    %jmp/1 T_4.7, 6;
    %pushi/vec4 255, 255, 8;
    %store/vec4 v0x599dfe4b1250_0, 0, 8;
    %jmp T_4.9;
T_4.0 ;
    %load/vec4 v0x599dfe4c5370_0;
    %store/vec4 v0x599dfe4b1250_0, 0, 8;
    %jmp T_4.9;
T_4.1 ;
    %load/vec4 v0x599dfe4c5370_0;
    %inv;
    %store/vec4 v0x599dfe4b1250_0, 0, 8;
    %jmp T_4.9;
T_4.2 ;
    %load/vec4 v0x599dfe4c5370_0;
    %load/vec4 v0x599dfe4c41d0_0;
    %add;
    %store/vec4 v0x599dfe4b1250_0, 0, 8;
    %jmp T_4.9;
T_4.3 ;
    %load/vec4 v0x599dfe4c5370_0;
    %load/vec4 v0x599dfe4c41d0_0;
    %sub;
    %store/vec4 v0x599dfe4b1250_0, 0, 8;
    %jmp T_4.9;
T_4.4 ;
    %load/vec4 v0x599dfe4c5370_0;
    %load/vec4 v0x599dfe4c41d0_0;
    %and;
    %store/vec4 v0x599dfe4b1250_0, 0, 8;
    %jmp T_4.9;
T_4.5 ;
    %load/vec4 v0x599dfe4c5370_0;
    %load/vec4 v0x599dfe4c41d0_0;
    %or;
    %store/vec4 v0x599dfe4b1250_0, 0, 8;
    %jmp T_4.9;
T_4.6 ;
    %load/vec4 v0x599dfe4c5370_0;
    %inv;
    %pushi/vec4 1, 0, 8;
    %add;
    %store/vec4 v0x599dfe4b1250_0, 0, 8;
    %jmp T_4.9;
T_4.7 ;
    %load/vec4 v0x599dfe4c41d0_0;
    %inv;
    %pushi/vec4 1, 0, 8;
    %add;
    %store/vec4 v0x599dfe4b1250_0, 0, 8;
    %jmp T_4.9;
T_4.9 ;
    %pop/vec4 1;
    %load/vec4 v0x599dfe4b1250_0;
    %or/r;
    %inv;
    %store/vec4 v0x599dfe4b1320_0, 0, 1;
    %jmp T_4;
    .thread T_4, $push;
    .scope S_0x599dfe502790;
T_5 ;
    %wait E_0x599dfe4ee240;
    %load/vec4 v0x599dfe502d60_0;
    %flag_set/vec4 8;
    %jmp/0xz  T_5.0, 8;
    %pushi/vec4 0, 0, 1;
    %assign/vec4 v0x599dfe502c70_0, 0;
    %jmp T_5.1;
T_5.0 ;
    %load/vec4 v0x599dfe5029a0_0;
    %flag_set/vec4 8;
    %jmp/0xz  T_5.2, 8;
    %load/vec4 v0x599dfe502b70_0;
    %assign/vec4 v0x599dfe502c70_0, 0;
T_5.2 ;
T_5.1 ;
    %jmp T_5;
    .thread T_5;
    .scope S_0x599dfe4b2260;
T_6 ;
    %pushi/vec4 0, 0, 1;
    %store/vec4 v0x599dfe506680_0, 0, 1;
T_6.0 ;
    %delay 500, 0;
    %load/vec4 v0x599dfe506680_0;
    %inv;
    %store/vec4 v0x599dfe506680_0, 0, 1;
    %jmp T_6.0;
    %end;
    .thread T_6;
    .scope S_0x599dfe4b2260;
T_7 ;
    %vpi_call 2 22 "$dumpfile", "microc_tb.vcd" {0 0 0};
    %vpi_call 2 23 "$dumpvars" {0 0 0};
    %pushi/vec4 1, 0, 1;
    %store/vec4 v0x599dfe506750_0, 0, 1;
    %pushi/vec4 0, 0, 1;
    %store/vec4 v0x599dfe5067f0_0, 0, 1;
    %pushi/vec4 0, 0, 1;
    %store/vec4 v0x599dfe506930_0, 0, 1;
    %pushi/vec4 0, 0, 1;
    %store/vec4 v0x599dfe506a20_0, 0, 1;
    %pushi/vec4 0, 0, 1;
    %store/vec4 v0x599dfe506b10_0, 0, 1;
    %pushi/vec4 0, 0, 3;
    %store/vec4 v0x599dfe5064e0_0, 0, 3;
    %delay 1000, 0;
    %pushi/vec4 0, 0, 1;
    %store/vec4 v0x599dfe506750_0, 0, 1;
    %end;
    .thread T_7;
    .scope S_0x599dfe4b2260;
T_8 ;
    %pushi/vec4 6, 0, 32;
T_8.0 %dup/vec4;
    %pushi/vec4 0, 0, 32;
    %cmp/s;
    %jmp/1xz T_8.1, 5;
    %jmp/1 T_8.1, 4;
    %pushi/vec4 1, 0, 32;
    %sub;
    %load/vec4 v0x599dfe5065c0_0;
    %dup/vec4;
    %pushi/vec4 63, 31, 6;
    %cmp/u;
    %jmp/1 T_8.2, 6;
    %dup/vec4;
    %pushi/vec4 0, 0, 6;
    %cmp/u;
    %jmp/1 T_8.3, 6;
    %dup/vec4;
    %pushi/vec4 7, 3, 6;
    %cmp/u;
    %jmp/1 T_8.4, 6;
    %dup/vec4;
    %pushi/vec4 16, 0, 6;
    %cmp/u;
    %jmp/1 T_8.5, 6;
    %dup/vec4;
    %pushi/vec4 17, 0, 6;
    %cmp/u;
    %jmp/1 T_8.6, 6;
    %dup/vec4;
    %pushi/vec4 18, 0, 6;
    %cmp/u;
    %jmp/1 T_8.7, 6;
    %pushi/vec4 0, 0, 1;
    %store/vec4 v0x599dfe5067f0_0, 0, 1;
    %pushi/vec4 0, 0, 1;
    %store/vec4 v0x599dfe506930_0, 0, 1;
    %pushi/vec4 0, 0, 1;
    %store/vec4 v0x599dfe506a20_0, 0, 1;
    %pushi/vec4 0, 0, 1;
    %store/vec4 v0x599dfe506b10_0, 0, 1;
    %pushi/vec4 0, 0, 3;
    %store/vec4 v0x599dfe5064e0_0, 0, 3;
    %jmp T_8.9;
T_8.2 ;
    %pushi/vec4 1, 0, 1;
    %store/vec4 v0x599dfe5067f0_0, 0, 1;
    %pushi/vec4 0, 0, 1;
    %store/vec4 v0x599dfe506930_0, 0, 1;
    %pushi/vec4 1, 0, 1;
    %store/vec4 v0x599dfe506a20_0, 0, 1;
    %pushi/vec4 0, 0, 1;
    %store/vec4 v0x599dfe506b10_0, 0, 1;
    %load/vec4 v0x599dfe5065c0_0;
    %parti/s 3, 0, 2;
    %store/vec4 v0x599dfe5064e0_0, 0, 3;
    %jmp T_8.9;
T_8.3 ;
    %pushi/vec4 1, 0, 1;
    %store/vec4 v0x599dfe5067f0_0, 0, 1;
    %pushi/vec4 0, 0, 1;
    %store/vec4 v0x599dfe506930_0, 0, 1;
    %pushi/vec4 0, 0, 1;
    %store/vec4 v0x599dfe506a20_0, 0, 1;
    %pushi/vec4 0, 0, 1;
    %store/vec4 v0x599dfe506b10_0, 0, 1;
    %pushi/vec4 0, 0, 3;
    %store/vec4 v0x599dfe5064e0_0, 0, 3;
    %jmp T_8.9;
T_8.4 ;
    %pushi/vec4 1, 0, 1;
    %store/vec4 v0x599dfe5067f0_0, 0, 1;
    %pushi/vec4 1, 0, 1;
    %store/vec4 v0x599dfe506930_0, 0, 1;
    %pushi/vec4 1, 0, 1;
    %store/vec4 v0x599dfe506a20_0, 0, 1;
    %pushi/vec4 0, 0, 1;
    %store/vec4 v0x599dfe506b10_0, 0, 1;
    %pushi/vec4 0, 0, 3;
    %store/vec4 v0x599dfe5064e0_0, 0, 3;
    %jmp T_8.9;
T_8.5 ;
    %pushi/vec4 0, 0, 1;
    %store/vec4 v0x599dfe5067f0_0, 0, 1;
    %pushi/vec4 0, 0, 1;
    %store/vec4 v0x599dfe506930_0, 0, 1;
    %pushi/vec4 0, 0, 1;
    %store/vec4 v0x599dfe506a20_0, 0, 1;
    %pushi/vec4 0, 0, 1;
    %store/vec4 v0x599dfe506b10_0, 0, 1;
    %pushi/vec4 0, 0, 3;
    %store/vec4 v0x599dfe5064e0_0, 0, 3;
    %jmp T_8.9;
T_8.6 ;
    %load/vec4 v0x599dfe506c00_0;
    %cmpi/e 1, 0, 1;
    %jmp/0xz  T_8.10, 4;
    %pushi/vec4 1, 0, 1;
    %store/vec4 v0x599dfe5067f0_0, 0, 1;
    %pushi/vec4 0, 0, 1;
    %store/vec4 v0x599dfe506930_0, 0, 1;
    %pushi/vec4 0, 0, 1;
    %store/vec4 v0x599dfe506a20_0, 0, 1;
    %pushi/vec4 1, 0, 1;
    %store/vec4 v0x599dfe506b10_0, 0, 1;
    %jmp T_8.11;
T_8.10 ;
    %pushi/vec4 0, 0, 1;
    %store/vec4 v0x599dfe5067f0_0, 0, 1;
    %pushi/vec4 0, 0, 1;
    %store/vec4 v0x599dfe506930_0, 0, 1;
    %pushi/vec4 0, 0, 1;
    %store/vec4 v0x599dfe506a20_0, 0, 1;
    %pushi/vec4 0, 0, 1;
    %store/vec4 v0x599dfe506b10_0, 0, 1;
T_8.11 ;
    %pushi/vec4 0, 0, 3;
    %store/vec4 v0x599dfe5064e0_0, 0, 3;
    %jmp T_8.9;
T_8.7 ;
    %load/vec4 v0x599dfe506c00_0;
    %cmpi/e 1, 0, 1;
    %jmp/0xz  T_8.12, 4;
    %pushi/vec4 0, 0, 1;
    %store/vec4 v0x599dfe5067f0_0, 0, 1;
    %pushi/vec4 0, 0, 1;
    %store/vec4 v0x599dfe506930_0, 0, 1;
    %pushi/vec4 0, 0, 1;
    %store/vec4 v0x599dfe506a20_0, 0, 1;
    %pushi/vec4 0, 0, 1;
    %store/vec4 v0x599dfe506b10_0, 0, 1;
    %jmp T_8.13;
T_8.12 ;
    %pushi/vec4 1, 0, 1;
    %store/vec4 v0x599dfe5067f0_0, 0, 1;
    %pushi/vec4 0, 0, 1;
    %store/vec4 v0x599dfe506930_0, 0, 1;
    %pushi/vec4 0, 0, 1;
    %store/vec4 v0x599dfe506a20_0, 0, 1;
    %pushi/vec4 1, 0, 1;
    %store/vec4 v0x599dfe506b10_0, 0, 1;
T_8.13 ;
    %pushi/vec4 0, 0, 3;
    %store/vec4 v0x599dfe5064e0_0, 0, 3;
    %jmp T_8.9;
T_8.9 ;
    %pop/vec4 1;
    %delay 1000, 0;
    %jmp T_8.0;
T_8.1 ;
    %pop/vec4 1;
    %vpi_call 2 90 "$finish" {0 0 0};
    %end;
    .thread T_8;
    .scope S_0x599dfe4b2260;
T_9 ;
    %vpi_call 2 95 "$monitor", "Time: %0dns | clk: %b | reset: %b | Opcode: %b | s_inc: %b | s_inm: %b | we3: %b | wez: %b | Op: %b | z: %b", $time, v0x599dfe506680_0, v0x599dfe506750_0, v0x599dfe5065c0_0, v0x599dfe5067f0_0, v0x599dfe506930_0, v0x599dfe506a20_0, v0x599dfe506b10_0, v0x599dfe5064e0_0, v0x599dfe506c00_0 {0 0 0};
    %end;
    .thread T_9;
    .scope S_0x599dfe506ca0;
T_10 ;
    %wait E_0x599dfe4eeb00;
    %load/vec4 v0x599dfe507260_0;
    %flag_set/vec4 8;
    %jmp/0xz  T_10.0, 8;
    %pushi/vec4 0, 0, 1;
    %assign/vec4 v0x599dfe5071a0_0, 100;
    %jmp T_10.1;
T_10.0 ;
    %load/vec4 v0x599dfe506f80_0;
    %flag_set/vec4 8;
    %jmp/0xz  T_10.2, 8;
    %load/vec4 v0x599dfe507100_0;
    %assign/vec4 v0x599dfe5071a0_0, 100;
T_10.2 ;
T_10.1 ;
    %jmp T_10;
    .thread T_10;
    .scope S_0x599dfe507410;
T_11 ;
    %wait E_0x599dfe4eeb00;
    %load/vec4 v0x599dfe5079c0_0;
    %flag_set/vec4 8;
    %jmp/0xz  T_11.0, 8;
    %pushi/vec4 0, 0, 1;
    %assign/vec4 v0x599dfe507920_0, 100;
    %jmp T_11.1;
T_11.0 ;
    %load/vec4 v0x599dfe5076b0_0;
    %flag_set/vec4 8;
    %jmp/0xz  T_11.2, 8;
    %load/vec4 v0x599dfe507850_0;
    %assign/vec4 v0x599dfe507920_0, 100;
T_11.2 ;
T_11.1 ;
    %jmp T_11;
    .thread T_11;
    .scope S_0x599dfe507b40;
T_12 ;
    %wait E_0x599dfe4eeb00;
    %load/vec4 v0x599dfe508160_0;
    %flag_set/vec4 8;
    %jmp/0xz  T_12.0, 8;
    %pushi/vec4 0, 0, 1;
    %assign/vec4 v0x599dfe5080c0_0, 100;
    %jmp T_12.1;
T_12.0 ;
    %load/vec4 v0x599dfe507e20_0;
    %flag_set/vec4 8;
    %jmp/0xz  T_12.2, 8;
    %load/vec4 v0x599dfe508020_0;
    %assign/vec4 v0x599dfe5080c0_0, 100;
T_12.2 ;
T_12.1 ;
    %jmp T_12;
    .thread T_12;
    .scope S_0x599dfe508340;
T_13 ;
    %wait E_0x599dfe4eeb00;
    %load/vec4 v0x599dfe508880_0;
    %flag_set/vec4 8;
    %jmp/0xz  T_13.0, 8;
    %pushi/vec4 0, 0, 1;
    %assign/vec4 v0x599dfe5087e0_0, 100;
    %jmp T_13.1;
T_13.0 ;
    %load/vec4 v0x599dfe5085c0_0;
    %flag_set/vec4 8;
    %jmp/0xz  T_13.2, 8;
    %load/vec4 v0x599dfe508740_0;
    %assign/vec4 v0x599dfe5087e0_0, 100;
T_13.2 ;
T_13.1 ;
    %jmp T_13;
    .thread T_13;
    .scope S_0x599dfe509210;
T_14 ;
    %wait E_0x599dfe5095a0;
    %load/vec4 v0x599dfe509950_0;
    %flag_set/vec4 8;
    %jmp/0xz  T_14.0, 8;
    %pushi/vec4 0, 0, 1;
    %assign/vec4 v0x599dfe509890_0, 100;
    %jmp T_14.1;
T_14.0 ;
    %load/vec4 v0x599dfe509620_0;
    %flag_set/vec4 8;
    %jmp/0xz  T_14.2, 8;
    %load/vec4 v0x599dfe5097c0_0;
    %assign/vec4 v0x599dfe509890_0, 100;
T_14.2 ;
T_14.1 ;
    %jmp T_14;
    .thread T_14;
    .scope S_0x599dfe50ac90;
T_15 ;
    %wait E_0x599dfe5095a0;
    %load/vec4 v0x599dfe50b350_0;
    %flag_set/vec4 8;
    %jmp/0xz  T_15.0, 8;
    %pushi/vec4 0, 0, 1;
    %assign/vec4 v0x599dfe50b2b0_0, 100;
    %jmp T_15.1;
T_15.0 ;
    %load/vec4 v0x599dfe50aff0_0;
    %flag_set/vec4 8;
    %jmp/0xz  T_15.2, 8;
    %load/vec4 v0x599dfe50b210_0;
    %assign/vec4 v0x599dfe50b2b0_0, 100;
T_15.2 ;
T_15.1 ;
    %jmp T_15;
    .thread T_15;
    .scope S_0x599dfe50c630;
T_16 ;
    %wait E_0x599dfe5095a0;
    %load/vec4 v0x599dfe50cd10_0;
    %flag_set/vec4 8;
    %jmp/0xz  T_16.0, 8;
    %pushi/vec4 0, 0, 1;
    %assign/vec4 v0x599dfe50cc70_0, 100;
    %jmp T_16.1;
T_16.0 ;
    %load/vec4 v0x599dfe50c990_0;
    %flag_set/vec4 8;
    %jmp/0xz  T_16.2, 8;
    %load/vec4 v0x599dfe50cba0_0;
    %assign/vec4 v0x599dfe50cc70_0, 100;
T_16.2 ;
T_16.1 ;
    %jmp T_16;
    .thread T_16;
    .scope S_0x599dfe4b3280;
T_17 ;
    %wait E_0x599dfe518ff0;
    %load/vec4 v0x599dfe51b700_0;
    %flag_set/vec4 8;
    %jmp/0xz  T_17.0, 8;
    %pushi/vec4 0, 0, 3;
    %assign/vec4 v0x599dfe51b7c0_0, 100;
    %jmp T_17.1;
T_17.0 ;
    %load/vec4 v0x599dfe51b560_0;
    %assign/vec4 v0x599dfe51b7c0_0, 100;
T_17.1 ;
    %jmp T_17;
    .thread T_17;
    .scope S_0x599dfe4b3280;
T_18 ;
    %wait E_0x599dfe461d50;
    %load/vec4 v0x599dfe51b7c0_0;
    %dup/vec4;
    %pushi/vec4 0, 0, 3;
    %cmp/u;
    %jmp/1 T_18.0, 6;
    %dup/vec4;
    %pushi/vec4 1, 0, 3;
    %cmp/u;
    %jmp/1 T_18.1, 6;
    %dup/vec4;
    %pushi/vec4 2, 0, 3;
    %cmp/u;
    %jmp/1 T_18.2, 6;
    %dup/vec4;
    %pushi/vec4 3, 0, 3;
    %cmp/u;
    %jmp/1 T_18.3, 6;
    %dup/vec4;
    %pushi/vec4 4, 0, 3;
    %cmp/u;
    %jmp/1 T_18.4, 6;
    %dup/vec4;
    %pushi/vec4 5, 0, 3;
    %cmp/u;
    %jmp/1 T_18.5, 6;
    %dup/vec4;
    %pushi/vec4 6, 0, 3;
    %cmp/u;
    %jmp/1 T_18.6, 6;
    %pushi/vec4 0, 0, 3;
    %assign/vec4 v0x599dfe51b560_0, 0;
    %jmp T_18.8;
T_18.0 ;
    %pushi/vec4 1, 0, 3;
    %assign/vec4 v0x599dfe51b560_0, 0;
    %jmp T_18.8;
T_18.1 ;
    %pushi/vec4 2, 0, 3;
    %assign/vec4 v0x599dfe51b560_0, 0;
    %jmp T_18.8;
T_18.2 ;
    %pushi/vec4 3, 0, 3;
    %assign/vec4 v0x599dfe51b560_0, 0;
    %jmp T_18.8;
T_18.3 ;
    %pushi/vec4 4, 0, 3;
    %assign/vec4 v0x599dfe51b560_0, 0;
    %jmp T_18.8;
T_18.4 ;
    %pushi/vec4 5, 0, 3;
    %assign/vec4 v0x599dfe51b560_0, 0;
    %jmp T_18.8;
T_18.5 ;
    %pushi/vec4 6, 0, 3;
    %assign/vec4 v0x599dfe51b560_0, 0;
    %jmp T_18.8;
T_18.6 ;
    %pushi/vec4 6, 0, 3;
    %assign/vec4 v0x599dfe51b560_0, 0;
    %jmp T_18.8;
T_18.8 ;
    %pop/vec4 1;
    %jmp T_18;
    .thread T_18, $push;
# The file index is used to find the file name in the following table.
:file_names 12;
    "N/A";
    "<interactive>";
    "microc_tb.v";
    "microc.v";
    "alu.v";
    "componentes.v";
    "memprog.v";
    "regA.v";
    "ffdc.v";
    "regQ.v";
    "sum4.v";
    "uc.v";
